This file contains any messages produced by compilers while
running configure, to aid debugging if configure makes a mistake.

It was created by lxmlib configure 0.1, which was
generated by GNU Autoconf 2.69.  Invocation command line was

  $ /Users/lxm/Workspace/lxmlib/configure 

## --------- ##
## Platform. ##
## --------- ##

hostname = bogon
uname -m = x86_64
uname -r = 20.1.0
uname -s = Darwin
uname -v = Darwin Kernel Version 20.1.0: Sat Oct 31 00:07:11 PDT 2020; root:xnu-7195.50.7~2/RELEASE_X86_64

/usr/bin/uname -p = i386
/bin/uname -X     = unknown

/bin/arch              = unknown
/usr/bin/arch -k       = unknown
/usr/convex/getsysinfo = unknown
/usr/bin/hostinfo      = Mach kernel version:
	 Darwin Kernel Version 20.1.0: Sat Oct 31 00:07:11 PDT 2020; root:xnu-7195.50.7~2/RELEASE_X86_64
Kernel configured for up to 12 processors.
6 processors are physically available.
12 processors are logically available.
Processor type: x86_64h (Intel x86-64h Haswell)
Processors active: 0 1 2 3 4 5 6 7 8 9 10 11
Primary memory available: 16.00 gigabytes
Default processor set: 467 tasks, 1807 threads, 12 processors
Load average: 2.41, Mach factor: 9.58
/bin/machine           = unknown
/usr/bin/oslevel       = unknown
/bin/universe          = unknown

PATH: /usr/bin
PATH: /bin
PATH: /usr/sbin
PATH: /sbin


## ----------- ##
## Core tests. ##
## ----------- ##

configure:2429: checking build system type
configure:2443: result: x86_64-apple-darwin20.1.0
configure:2463: checking host system type
configure:2476: result: x86_64-apple-darwin20.1.0
configure:2496: checking target system type
configure:2509: result: x86_64-apple-darwin20.1.0
configure:2552: checking for a BSD-compatible install
configure:2620: result: /usr/bin/install -c
configure:2631: checking whether build environment is sane
configure:2686: result: yes
configure:2837: checking for a thread-safe mkdir -p
configure:2876: result: ./install-sh -c -d
configure:2883: checking for gawk
configure:2913: result: no
configure:2883: checking for mawk
configure:2913: result: no
configure:2883: checking for nawk
configure:2913: result: no
configure:2883: checking for awk
configure:2899: found /usr/bin/awk
configure:2910: result: awk
configure:2921: checking whether make sets $(MAKE)
configure:2943: result: yes
configure:2972: checking whether make supports nested variables
configure:2989: result: yes
configure:3174: checking for g++
configure:3190: found /usr/bin/g++
configure:3201: result: g++
configure:3228: checking for C++ compiler version
configure:3237: g++ --version >&5
Apple clang version 12.0.0 (clang-1200.0.32.27)
Target: x86_64-apple-darwin20.1.0
Thread model: posix
InstalledDir: /Library/Developer/CommandLineTools/usr/bin
Configured with: --prefix=/Library/Developer/CommandLineTools/usr --with-gxx-include-dir=/Library/Developer/CommandLineTools/SDKs/MacOSX.sdk/usr/include/c++/4.2.1
configure:3248: $? = 0
configure:3237: g++ -v >&5
Configured with: --prefix=/Library/Developer/CommandLineTools/usr --with-gxx-include-dir=/Library/Developer/CommandLineTools/SDKs/MacOSX.sdk/usr/include/c++/4.2.1
Apple clang version 12.0.0 (clang-1200.0.32.27)
Target: x86_64-apple-darwin20.1.0
Thread model: posix
InstalledDir: /Library/Developer/CommandLineTools/usr/bin
configure:3248: $? = 0
configure:3237: g++ -V >&5
clang: error: argument to '-V' is missing (expected 1 value)
clang: error: no input files
configure:3248: $? = 1
configure:3237: g++ -qversion >&5
clang: error: unknown argument '-qversion'; did you mean '--version'?
clang: error: no input files
configure:3248: $? = 1
configure:3268: checking whether the C++ compiler works
configure:3290: g++    conftest.cpp  >&5
configure:3294: $? = 0
configure:3342: result: yes
configure:3345: checking for C++ compiler default output file name
configure:3347: result: a.out
configure:3353: checking for suffix of executables
configure:3360: g++ -o conftest    conftest.cpp  >&5
configure:3364: $? = 0
configure:3386: result: 
configure:3408: checking whether we are cross compiling
configure:3416: g++ -o conftest    conftest.cpp  >&5
configure:3420: $? = 0
configure:3427: ./conftest
configure:3431: $? = 0
configure:3446: result: no
configure:3451: checking for suffix of object files
configure:3473: g++ -c   conftest.cpp >&5
configure:3477: $? = 0
configure:3498: result: o
configure:3502: checking whether we are using the GNU C++ compiler
configure:3521: g++ -c   conftest.cpp >&5
configure:3521: $? = 0
configure:3530: result: yes
configure:3539: checking whether g++ accepts -g
configure:3559: g++ -c -g  conftest.cpp >&5
configure:3559: $? = 0
configure:3600: result: yes
configure:3626: checking whether make supports the include directive
configure:3641: make -f confmf.GNU && cat confinc.out
this is the am__doit target
configure:3644: $? = 0
configure:3663: result: yes (GNU style)
configure:3688: checking dependency style of g++
configure:3799: result: gcc3
configure:3862: checking for gcc
configure:3878: found /usr/bin/gcc
configure:3889: result: gcc
configure:4118: checking for C compiler version
configure:4127: gcc --version >&5
Apple clang version 12.0.0 (clang-1200.0.32.27)
Target: x86_64-apple-darwin20.1.0
Thread model: posix
InstalledDir: /Library/Developer/CommandLineTools/usr/bin
Configured with: --prefix=/Library/Developer/CommandLineTools/usr --with-gxx-include-dir=/Library/Developer/CommandLineTools/SDKs/MacOSX.sdk/usr/include/c++/4.2.1
configure:4138: $? = 0
configure:4127: gcc -v >&5
Configured with: --prefix=/Library/Developer/CommandLineTools/usr --with-gxx-include-dir=/Library/Developer/CommandLineTools/SDKs/MacOSX.sdk/usr/include/c++/4.2.1
Apple clang version 12.0.0 (clang-1200.0.32.27)
Target: x86_64-apple-darwin20.1.0
Thread model: posix
InstalledDir: /Library/Developer/CommandLineTools/usr/bin
configure:4138: $? = 0
configure:4127: gcc -V >&5
clang: error: argument to '-V' is missing (expected 1 value)
clang: error: no input files
configure:4138: $? = 1
configure:4127: gcc -qversion >&5
clang: error: unknown argument '-qversion'; did you mean '--version'?
clang: error: no input files
configure:4138: $? = 1
configure:4142: checking whether we are using the GNU C compiler
configure:4161: gcc -c   conftest.c >&5
configure:4161: $? = 0
configure:4170: result: yes
configure:4179: checking whether gcc accepts -g
configure:4199: gcc -c -g  conftest.c >&5
configure:4199: $? = 0
configure:4240: result: yes
configure:4257: checking for gcc option to accept ISO C89
configure:4320: gcc  -c -g -O2  conftest.c >&5
configure:4320: $? = 0
configure:4333: result: none needed
configure:4358: checking whether gcc understands -c and -o together
configure:4380: gcc -c conftest.c -o conftest2.o
configure:4383: $? = 0
configure:4380: gcc -c conftest.c -o conftest2.o
configure:4383: $? = 0
configure:4395: result: yes
configure:4414: checking dependency style of gcc
configure:4525: result: gcc3
configure:4541: checking for inline
configure:4557: gcc -c -g -O2  conftest.c >&5
configure:4557: $? = 0
configure:4565: result: inline
configure:4661: checking how to run the C preprocessor
configure:4692: gcc -E  conftest.c
configure:4692: $? = 0
configure:4706: gcc -E  conftest.c
conftest.c:11:10: fatal error: 'ac_nonexistent.h' file not found
#include <ac_nonexistent.h>
         ^~~~~~~~~~~~~~~~~~
1 error generated.
configure:4706: $? = 1
configure: failed program was:
| /* confdefs.h */
| #define PACKAGE_NAME "lxmlib"
| #define PACKAGE_TARNAME "lxmlib"
| #define PACKAGE_VERSION "0.1"
| #define PACKAGE_STRING "lxmlib 0.1"
| #define PACKAGE_BUGREPORT ""
| #define PACKAGE_URL ""
| #define PACKAGE "lxmlib"
| #define VERSION "0.1"
| /* end confdefs.h.  */
| #include <ac_nonexistent.h>
configure:4731: result: gcc -E
configure:4751: gcc -E  conftest.c
configure:4751: $? = 0
configure:4765: gcc -E  conftest.c
conftest.c:11:10: fatal error: 'ac_nonexistent.h' file not found
#include <ac_nonexistent.h>
         ^~~~~~~~~~~~~~~~~~
1 error generated.
configure:4765: $? = 1
configure: failed program was:
| /* confdefs.h */
| #define PACKAGE_NAME "lxmlib"
| #define PACKAGE_TARNAME "lxmlib"
| #define PACKAGE_VERSION "0.1"
| #define PACKAGE_STRING "lxmlib 0.1"
| #define PACKAGE_BUGREPORT ""
| #define PACKAGE_URL ""
| #define PACKAGE "lxmlib"
| #define VERSION "0.1"
| /* end confdefs.h.  */
| #include <ac_nonexistent.h>
configure:4794: checking for grep that handles long lines and -e
configure:4852: result: /usr/bin/grep
configure:4857: checking for egrep
configure:4919: result: /usr/bin/grep -E
configure:4924: checking for ANSI C header files
configure:4944: gcc -c -g -O2  conftest.c >&5
configure:4944: $? = 0
configure:5017: gcc -o conftest -g -O2   conftest.c  >&5
configure:5017: $? = 0
configure:5017: ./conftest
configure:5017: $? = 0
configure:5028: result: yes
configure:5041: checking for sys/types.h
configure:5041: gcc -c -g -O2  conftest.c >&5
configure:5041: $? = 0
configure:5041: result: yes
configure:5041: checking for sys/stat.h
configure:5041: gcc -c -g -O2  conftest.c >&5
configure:5041: $? = 0
configure:5041: result: yes
configure:5041: checking for stdlib.h
configure:5041: gcc -c -g -O2  conftest.c >&5
configure:5041: $? = 0
configure:5041: result: yes
configure:5041: checking for string.h
configure:5041: gcc -c -g -O2  conftest.c >&5
configure:5041: $? = 0
configure:5041: result: yes
configure:5041: checking for memory.h
configure:5041: gcc -c -g -O2  conftest.c >&5
configure:5041: $? = 0
configure:5041: result: yes
configure:5041: checking for strings.h
configure:5041: gcc -c -g -O2  conftest.c >&5
configure:5041: $? = 0
configure:5041: result: yes
configure:5041: checking for inttypes.h
configure:5041: gcc -c -g -O2  conftest.c >&5
configure:5041: $? = 0
configure:5041: result: yes
configure:5041: checking for stdint.h
configure:5041: gcc -c -g -O2  conftest.c >&5
configure:5041: $? = 0
configure:5041: result: yes
configure:5041: checking for unistd.h
configure:5041: gcc -c -g -O2  conftest.c >&5
configure:5041: $? = 0
configure:5041: result: yes
configure:5056: checking sys/param.h usability
configure:5056: gcc -c -g -O2  conftest.c >&5
configure:5056: $? = 0
configure:5056: result: yes
configure:5056: checking sys/param.h presence
configure:5056: gcc -E  conftest.c
configure:5056: $? = 0
configure:5056: result: yes
configure:5056: checking for sys/param.h
configure:5056: result: yes
configure:5056: checking fcntl.h usability
configure:5056: gcc -c -g -O2  conftest.c >&5
configure:5056: $? = 0
configure:5056: result: yes
configure:5056: checking fcntl.h presence
configure:5056: gcc -E  conftest.c
configure:5056: $? = 0
configure:5056: result: yes
configure:5056: checking for fcntl.h
configure:5056: result: yes
configure:5056: checking netdb.h usability
configure:5056: gcc -c -g -O2  conftest.c >&5
configure:5056: $? = 0
configure:5056: result: yes
configure:5056: checking netdb.h presence
configure:5056: gcc -E  conftest.c
configure:5056: $? = 0
configure:5056: result: yes
configure:5056: checking for netdb.h
configure:5056: result: yes
configure:5056: checking for stdlib.h
configure:5056: result: yes
configure:5056: checking for string.h
configure:5056: result: yes
configure:5056: checking sys/socket.h usability
configure:5056: gcc -c -g -O2  conftest.c >&5
configure:5056: $? = 0
configure:5056: result: yes
configure:5056: checking sys/socket.h presence
configure:5056: gcc -E  conftest.c
configure:5056: $? = 0
configure:5056: result: yes
configure:5056: checking for sys/socket.h
configure:5056: result: yes
configure:5056: checking syslog.h usability
configure:5056: gcc -c -g -O2  conftest.c >&5
configure:5056: $? = 0
configure:5056: result: yes
configure:5056: checking syslog.h presence
configure:5056: gcc -E  conftest.c
configure:5056: $? = 0
configure:5056: result: yes
configure:5056: checking for syslog.h
configure:5056: result: yes
configure:5056: checking for unistd.h
configure:5056: result: yes
configure:5069: checking for getcwd
configure:5069: gcc -o conftest -g -O2   conftest.c  >&5
configure:5069: $? = 0
configure:5069: result: yes
configure:5069: checking for ftruncate
configure:5069: gcc -o conftest -g -O2   conftest.c  >&5
configure:5069: $? = 0
configure:5069: result: yes
configure:5069: checking for gettimeofday
configure:5069: gcc -o conftest -g -O2   conftest.c  >&5
configure:5069: $? = 0
configure:5069: result: yes
configure:5069: checking for memset
configure:5069: gcc -o conftest -g -O2   conftest.c  >&5
conftest.c:55:6: warning: incompatible redeclaration of library function 'memset' [-Wincompatible-library-redeclaration]
char memset ();
     ^
conftest.c:55:6: note: 'memset' is a builtin with type 'void *(void *, int, unsigned long)'
1 warning generated.
configure:5069: $? = 0
configure:5069: result: yes
configure:5069: checking for mkdir
configure:5069: gcc -o conftest -g -O2   conftest.c  >&5
configure:5069: $? = 0
configure:5069: result: yes
configure:5069: checking for pow
configure:5069: gcc -o conftest -g -O2   conftest.c  >&5
conftest.c:57:6: warning: incompatible redeclaration of library function 'pow' [-Wincompatible-library-redeclaration]
char pow ();
     ^
conftest.c:57:6: note: 'pow' is a builtin with type 'double (double, double)'
1 warning generated.
configure:5069: $? = 0
configure:5069: result: yes
configure:5069: checking for select
configure:5069: gcc -o conftest -g -O2   conftest.c  >&5
configure:5069: $? = 0
configure:5069: result: yes
configure:5069: checking for socket
configure:5069: gcc -o conftest -g -O2   conftest.c  >&5
configure:5069: $? = 0
configure:5069: result: yes
configure:5069: checking for sqrt
configure:5069: gcc -o conftest -g -O2   conftest.c  >&5
conftest.c:60:6: warning: incompatible redeclaration of library function 'sqrt' [-Wincompatible-library-redeclaration]
char sqrt ();
     ^
conftest.c:60:6: note: 'sqrt' is a builtin with type 'double (double)'
1 warning generated.
configure:5069: $? = 0
configure:5069: result: yes
configure:5069: checking for strerror
configure:5069: gcc -o conftest -g -O2   conftest.c  >&5
conftest.c:61:6: warning: incompatible redeclaration of library function 'strerror' [-Wincompatible-library-redeclaration]
char strerror ();
     ^
conftest.c:61:6: note: 'strerror' is a builtin with type 'char *(int)'
1 warning generated.
configure:5069: $? = 0
configure:5069: result: yes
configure:5069: checking for strcasecmp
configure:5069: gcc -o conftest -g -O2   conftest.c  >&5
conftest.c:62:6: warning: incompatible redeclaration of library function 'strcasecmp' [-Wincompatible-library-redeclaration]
char strcasecmp ();
     ^
conftest.c:62:6: note: 'strcasecmp' is a builtin with type 'int (const char *, const char *)'
1 warning generated.
configure:5069: $? = 0
configure:5069: result: yes
configure:5069: checking for strpbrk
configure:5069: gcc -o conftest -g -O2   conftest.c  >&5
conftest.c:63:6: warning: incompatible redeclaration of library function 'strpbrk' [-Wincompatible-library-redeclaration]
char strpbrk ();
     ^
conftest.c:63:6: note: 'strpbrk' is a builtin with type 'char *(const char *, const char *)'
1 warning generated.
configure:5069: $? = 0
configure:5069: result: yes
configure:5069: checking for floor
configure:5069: gcc -o conftest -g -O2   conftest.c  >&5
conftest.c:64:6: warning: incompatible redeclaration of library function 'floor' [-Wincompatible-library-redeclaration]
char floor ();
     ^
conftest.c:64:6: note: 'floor' is a builtin with type 'double (double)'
1 warning generated.
configure:5069: $? = 0
configure:5069: result: yes
configure:5069: checking for memmove
configure:5069: gcc -o conftest -g -O2   conftest.c  >&5
conftest.c:65:6: warning: incompatible redeclaration of library function 'memmove' [-Wincompatible-library-redeclaration]
char memmove ();
     ^
conftest.c:65:6: note: 'memmove' is a builtin with type 'void *(void *, const void *, unsigned long)'
1 warning generated.
configure:5069: $? = 0
configure:5069: result: yes
configure:5078: checking for stdbool.h that conforms to C99
configure:5145: gcc -c -g -O2  conftest.c >&5
conftest.c:92:24: warning: address of 's' will always evaluate to 'true' [-Wpointer-bool-conversion]
             bool e = &s;
                  ~    ^
conftest.c:96:23: warning: address of array 'a' will always evaluate to 'true' [-Wpointer-bool-conversion]
             return (!a + !b + !c + !d + !e + !f + !g + !h + !i + !!j + !k + !!l
                     ~^
conftest.c:96:28: warning: address of array 'b' will always evaluate to 'true' [-Wpointer-bool-conversion]
             return (!a + !b + !c + !d + !e + !f + !g + !h + !i + !!j + !k + !!l
                          ~^
conftest.c:96:33: warning: address of array 'c' will always evaluate to 'true' [-Wpointer-bool-conversion]
             return (!a + !b + !c + !d + !e + !f + !g + !h + !i + !!j + !k + !!l
                               ~^
conftest.c:96:38: warning: address of array 'd' will always evaluate to 'true' [-Wpointer-bool-conversion]
             return (!a + !b + !c + !d + !e + !f + !g + !h + !i + !!j + !k + !!l
                                    ~^
conftest.c:96:48: warning: address of array 'f' will always evaluate to 'true' [-Wpointer-bool-conversion]
             return (!a + !b + !c + !d + !e + !f + !g + !h + !i + !!j + !k + !!l
                                              ~^
conftest.c:96:53: warning: address of array 'g' will always evaluate to 'true' [-Wpointer-bool-conversion]
             return (!a + !b + !c + !d + !e + !f + !g + !h + !i + !!j + !k + !!l
                                                   ~^
conftest.c:96:58: warning: address of array 'h' will always evaluate to 'true' [-Wpointer-bool-conversion]
             return (!a + !b + !c + !d + !e + !f + !g + !h + !i + !!j + !k + !!l
                                                        ~^
conftest.c:96:63: warning: address of array 'i' will always evaluate to 'true' [-Wpointer-bool-conversion]
             return (!a + !b + !c + !d + !e + !f + !g + !h + !i + !!j + !k + !!l
                                                             ~^
conftest.c:97:30: warning: address of array 'n' will always evaluate to 'true' [-Wpointer-bool-conversion]
                            ~^
conftest.c:97:35: warning: address of array 'o' will always evaluate to 'true' [-Wpointer-bool-conversion]
                                 ~^
conftest.c:97:40: warning: address of array 'p' will always evaluate to 'true' [-Wpointer-bool-conversion]
                                      ~^
12 warnings generated.
configure:5145: $? = 0
configure:5152: result: yes
configure:5154: checking for _Bool
configure:5154: gcc -c -g -O2  conftest.c >&5
configure:5154: $? = 0
configure:5154: gcc -c -g -O2  conftest.c >&5
conftest.c:79:20: error: expected expression
if (sizeof ((_Bool)))
                   ^
1 error generated.
configure:5154: $? = 1
configure: failed program was:
| /* confdefs.h */
| #define PACKAGE_NAME "lxmlib"
| #define PACKAGE_TARNAME "lxmlib"
| #define PACKAGE_VERSION "0.1"
| #define PACKAGE_STRING "lxmlib 0.1"
| #define PACKAGE_BUGREPORT ""
| #define PACKAGE_URL ""
| #define PACKAGE "lxmlib"
| #define VERSION "0.1"
| #define STDC_HEADERS 1
| #define HAVE_SYS_TYPES_H 1
| #define HAVE_SYS_STAT_H 1
| #define HAVE_STDLIB_H 1
| #define HAVE_STRING_H 1
| #define HAVE_MEMORY_H 1
| #define HAVE_STRINGS_H 1
| #define HAVE_INTTYPES_H 1
| #define HAVE_STDINT_H 1
| #define HAVE_UNISTD_H 1
| #define HAVE_SYS_PARAM_H 1
| #define HAVE_FCNTL_H 1
| #define HAVE_NETDB_H 1
| #define HAVE_STDLIB_H 1
| #define HAVE_STRING_H 1
| #define HAVE_SYS_SOCKET_H 1
| #define HAVE_SYSLOG_H 1
| #define HAVE_UNISTD_H 1
| #define HAVE_GETCWD 1
| #define HAVE_FTRUNCATE 1
| #define HAVE_GETTIMEOFDAY 1
| #define HAVE_MEMSET 1
| #define HAVE_MKDIR 1
| #define HAVE_POW 1
| #define HAVE_SELECT 1
| #define HAVE_SOCKET 1
| #define HAVE_SQRT 1
| #define HAVE_STRERROR 1
| #define HAVE_STRCASECMP 1
| #define HAVE_STRPBRK 1
| #define HAVE_FLOOR 1
| #define HAVE_MEMMOVE 1
| /* end confdefs.h.  */
| #include <stdio.h>
| #ifdef HAVE_SYS_TYPES_H
| # include <sys/types.h>
| #endif
| #ifdef HAVE_SYS_STAT_H
| # include <sys/stat.h>
| #endif
| #ifdef STDC_HEADERS
| # include <stdlib.h>
| # include <stddef.h>
| #else
| # ifdef HAVE_STDLIB_H
| #  include <stdlib.h>
| # endif
| #endif
| #ifdef HAVE_STRING_H
| # if !defined STDC_HEADERS && defined HAVE_MEMORY_H
| #  include <memory.h>
| # endif
| # include <string.h>
| #endif
| #ifdef HAVE_STRINGS_H
| # include <strings.h>
| #endif
| #ifdef HAVE_INTTYPES_H
| # include <inttypes.h>
| #endif
| #ifdef HAVE_STDINT_H
| # include <stdint.h>
| #endif
| #ifdef HAVE_UNISTD_H
| # include <unistd.h>
| #endif
| int
| main ()
| {
| if (sizeof ((_Bool)))
| 	    return 0;
|   ;
|   return 0;
| }
configure:5154: result: yes
configure:5165: checking for ptrdiff_t
configure:5165: gcc -c -g -O2  conftest.c >&5
configure:5165: $? = 0
configure:5165: gcc -c -g -O2  conftest.c >&5
conftest.c:80:24: error: expected expression
if (sizeof ((ptrdiff_t)))
                       ^
1 error generated.
configure:5165: $? = 1
configure: failed program was:
| /* confdefs.h */
| #define PACKAGE_NAME "lxmlib"
| #define PACKAGE_TARNAME "lxmlib"
| #define PACKAGE_VERSION "0.1"
| #define PACKAGE_STRING "lxmlib 0.1"
| #define PACKAGE_BUGREPORT ""
| #define PACKAGE_URL ""
| #define PACKAGE "lxmlib"
| #define VERSION "0.1"
| #define STDC_HEADERS 1
| #define HAVE_SYS_TYPES_H 1
| #define HAVE_SYS_STAT_H 1
| #define HAVE_STDLIB_H 1
| #define HAVE_STRING_H 1
| #define HAVE_MEMORY_H 1
| #define HAVE_STRINGS_H 1
| #define HAVE_INTTYPES_H 1
| #define HAVE_STDINT_H 1
| #define HAVE_UNISTD_H 1
| #define HAVE_SYS_PARAM_H 1
| #define HAVE_FCNTL_H 1
| #define HAVE_NETDB_H 1
| #define HAVE_STDLIB_H 1
| #define HAVE_STRING_H 1
| #define HAVE_SYS_SOCKET_H 1
| #define HAVE_SYSLOG_H 1
| #define HAVE_UNISTD_H 1
| #define HAVE_GETCWD 1
| #define HAVE_FTRUNCATE 1
| #define HAVE_GETTIMEOFDAY 1
| #define HAVE_MEMSET 1
| #define HAVE_MKDIR 1
| #define HAVE_POW 1
| #define HAVE_SELECT 1
| #define HAVE_SOCKET 1
| #define HAVE_SQRT 1
| #define HAVE_STRERROR 1
| #define HAVE_STRCASECMP 1
| #define HAVE_STRPBRK 1
| #define HAVE_FLOOR 1
| #define HAVE_MEMMOVE 1
| #define HAVE__BOOL 1
| /* end confdefs.h.  */
| #include <stdio.h>
| #ifdef HAVE_SYS_TYPES_H
| # include <sys/types.h>
| #endif
| #ifdef HAVE_SYS_STAT_H
| # include <sys/stat.h>
| #endif
| #ifdef STDC_HEADERS
| # include <stdlib.h>
| # include <stddef.h>
| #else
| # ifdef HAVE_STDLIB_H
| #  include <stdlib.h>
| # endif
| #endif
| #ifdef HAVE_STRING_H
| # if !defined STDC_HEADERS && defined HAVE_MEMORY_H
| #  include <memory.h>
| # endif
| # include <string.h>
| #endif
| #ifdef HAVE_STRINGS_H
| # include <strings.h>
| #endif
| #ifdef HAVE_INTTYPES_H
| # include <inttypes.h>
| #endif
| #ifdef HAVE_STDINT_H
| # include <stdint.h>
| #endif
| #ifdef HAVE_UNISTD_H
| # include <unistd.h>
| #endif
| int
| main ()
| {
| if (sizeof ((ptrdiff_t)))
| 	    return 0;
|   ;
|   return 0;
| }
configure:5165: result: yes
configure:5175: checking for error_at_line
configure:5191: gcc -o conftest -g -O2   conftest.c  >&5
conftest.c:45:10: fatal error: 'error.h' file not found
#include <error.h>
         ^~~~~~~~~
1 error generated.
configure:5191: $? = 1
configure: failed program was:
| /* confdefs.h */
| #define PACKAGE_NAME "lxmlib"
| #define PACKAGE_TARNAME "lxmlib"
| #define PACKAGE_VERSION "0.1"
| #define PACKAGE_STRING "lxmlib 0.1"
| #define PACKAGE_BUGREPORT ""
| #define PACKAGE_URL ""
| #define PACKAGE "lxmlib"
| #define VERSION "0.1"
| #define STDC_HEADERS 1
| #define HAVE_SYS_TYPES_H 1
| #define HAVE_SYS_STAT_H 1
| #define HAVE_STDLIB_H 1
| #define HAVE_STRING_H 1
| #define HAVE_MEMORY_H 1
| #define HAVE_STRINGS_H 1
| #define HAVE_INTTYPES_H 1
| #define HAVE_STDINT_H 1
| #define HAVE_UNISTD_H 1
| #define HAVE_SYS_PARAM_H 1
| #define HAVE_FCNTL_H 1
| #define HAVE_NETDB_H 1
| #define HAVE_STDLIB_H 1
| #define HAVE_STRING_H 1
| #define HAVE_SYS_SOCKET_H 1
| #define HAVE_SYSLOG_H 1
| #define HAVE_UNISTD_H 1
| #define HAVE_GETCWD 1
| #define HAVE_FTRUNCATE 1
| #define HAVE_GETTIMEOFDAY 1
| #define HAVE_MEMSET 1
| #define HAVE_MKDIR 1
| #define HAVE_POW 1
| #define HAVE_SELECT 1
| #define HAVE_SOCKET 1
| #define HAVE_SQRT 1
| #define HAVE_STRERROR 1
| #define HAVE_STRCASECMP 1
| #define HAVE_STRPBRK 1
| #define HAVE_FLOOR 1
| #define HAVE_MEMMOVE 1
| #define HAVE__BOOL 1
| #define HAVE_PTRDIFF_T 1
| /* end confdefs.h.  */
| #include <error.h>
| int
| main ()
| {
| error_at_line (0, 0, "", 0, "an error occurred");
|   ;
|   return 0;
| }
configure:5199: result: no
configure:5210: checking for pid_t
configure:5210: gcc -c -g -O2  conftest.c >&5
configure:5210: $? = 0
configure:5210: gcc -c -g -O2  conftest.c >&5
conftest.c:81:20: error: expected expression
if (sizeof ((pid_t)))
                   ^
1 error generated.
configure:5210: $? = 1
configure: failed program was:
| /* confdefs.h */
| #define PACKAGE_NAME "lxmlib"
| #define PACKAGE_TARNAME "lxmlib"
| #define PACKAGE_VERSION "0.1"
| #define PACKAGE_STRING "lxmlib 0.1"
| #define PACKAGE_BUGREPORT ""
| #define PACKAGE_URL ""
| #define PACKAGE "lxmlib"
| #define VERSION "0.1"
| #define STDC_HEADERS 1
| #define HAVE_SYS_TYPES_H 1
| #define HAVE_SYS_STAT_H 1
| #define HAVE_STDLIB_H 1
| #define HAVE_STRING_H 1
| #define HAVE_MEMORY_H 1
| #define HAVE_STRINGS_H 1
| #define HAVE_INTTYPES_H 1
| #define HAVE_STDINT_H 1
| #define HAVE_UNISTD_H 1
| #define HAVE_SYS_PARAM_H 1
| #define HAVE_FCNTL_H 1
| #define HAVE_NETDB_H 1
| #define HAVE_STDLIB_H 1
| #define HAVE_STRING_H 1
| #define HAVE_SYS_SOCKET_H 1
| #define HAVE_SYSLOG_H 1
| #define HAVE_UNISTD_H 1
| #define HAVE_GETCWD 1
| #define HAVE_FTRUNCATE 1
| #define HAVE_GETTIMEOFDAY 1
| #define HAVE_MEMSET 1
| #define HAVE_MKDIR 1
| #define HAVE_POW 1
| #define HAVE_SELECT 1
| #define HAVE_SOCKET 1
| #define HAVE_SQRT 1
| #define HAVE_STRERROR 1
| #define HAVE_STRCASECMP 1
| #define HAVE_STRPBRK 1
| #define HAVE_FLOOR 1
| #define HAVE_MEMMOVE 1
| #define HAVE__BOOL 1
| #define HAVE_PTRDIFF_T 1
| /* end confdefs.h.  */
| #include <stdio.h>
| #ifdef HAVE_SYS_TYPES_H
| # include <sys/types.h>
| #endif
| #ifdef HAVE_SYS_STAT_H
| # include <sys/stat.h>
| #endif
| #ifdef STDC_HEADERS
| # include <stdlib.h>
| # include <stddef.h>
| #else
| # ifdef HAVE_STDLIB_H
| #  include <stdlib.h>
| # endif
| #endif
| #ifdef HAVE_STRING_H
| # if !defined STDC_HEADERS && defined HAVE_MEMORY_H
| #  include <memory.h>
| # endif
| # include <string.h>
| #endif
| #ifdef HAVE_STRINGS_H
| # include <strings.h>
| #endif
| #ifdef HAVE_INTTYPES_H
| # include <inttypes.h>
| #endif
| #ifdef HAVE_STDINT_H
| # include <stdint.h>
| #endif
| #ifdef HAVE_UNISTD_H
| # include <unistd.h>
| #endif
| int
| main ()
| {
| if (sizeof ((pid_t)))
| 	    return 0;
|   ;
|   return 0;
| }
configure:5210: result: yes
configure:5223: checking vfork.h usability
configure:5223: gcc -c -g -O2  conftest.c >&5
conftest.c:78:10: fatal error: 'vfork.h' file not found
#include <vfork.h>
         ^~~~~~~~~
1 error generated.
configure:5223: $? = 1
configure: failed program was:
| /* confdefs.h */
| #define PACKAGE_NAME "lxmlib"
| #define PACKAGE_TARNAME "lxmlib"
| #define PACKAGE_VERSION "0.1"
| #define PACKAGE_STRING "lxmlib 0.1"
| #define PACKAGE_BUGREPORT ""
| #define PACKAGE_URL ""
| #define PACKAGE "lxmlib"
| #define VERSION "0.1"
| #define STDC_HEADERS 1
| #define HAVE_SYS_TYPES_H 1
| #define HAVE_SYS_STAT_H 1
| #define HAVE_STDLIB_H 1
| #define HAVE_STRING_H 1
| #define HAVE_MEMORY_H 1
| #define HAVE_STRINGS_H 1
| #define HAVE_INTTYPES_H 1
| #define HAVE_STDINT_H 1
| #define HAVE_UNISTD_H 1
| #define HAVE_SYS_PARAM_H 1
| #define HAVE_FCNTL_H 1
| #define HAVE_NETDB_H 1
| #define HAVE_STDLIB_H 1
| #define HAVE_STRING_H 1
| #define HAVE_SYS_SOCKET_H 1
| #define HAVE_SYSLOG_H 1
| #define HAVE_UNISTD_H 1
| #define HAVE_GETCWD 1
| #define HAVE_FTRUNCATE 1
| #define HAVE_GETTIMEOFDAY 1
| #define HAVE_MEMSET 1
| #define HAVE_MKDIR 1
| #define HAVE_POW 1
| #define HAVE_SELECT 1
| #define HAVE_SOCKET 1
| #define HAVE_SQRT 1
| #define HAVE_STRERROR 1
| #define HAVE_STRCASECMP 1
| #define HAVE_STRPBRK 1
| #define HAVE_FLOOR 1
| #define HAVE_MEMMOVE 1
| #define HAVE__BOOL 1
| #define HAVE_PTRDIFF_T 1
| /* end confdefs.h.  */
| #include <stdio.h>
| #ifdef HAVE_SYS_TYPES_H
| # include <sys/types.h>
| #endif
| #ifdef HAVE_SYS_STAT_H
| # include <sys/stat.h>
| #endif
| #ifdef STDC_HEADERS
| # include <stdlib.h>
| # include <stddef.h>
| #else
| # ifdef HAVE_STDLIB_H
| #  include <stdlib.h>
| # endif
| #endif
| #ifdef HAVE_STRING_H
| # if !defined STDC_HEADERS && defined HAVE_MEMORY_H
| #  include <memory.h>
| # endif
| # include <string.h>
| #endif
| #ifdef HAVE_STRINGS_H
| # include <strings.h>
| #endif
| #ifdef HAVE_INTTYPES_H
| # include <inttypes.h>
| #endif
| #ifdef HAVE_STDINT_H
| # include <stdint.h>
| #endif
| #ifdef HAVE_UNISTD_H
| # include <unistd.h>
| #endif
| #include <vfork.h>
configure:5223: result: no
configure:5223: checking vfork.h presence
configure:5223: gcc -E  conftest.c
conftest.c:45:10: fatal error: 'vfork.h' file not found
#include <vfork.h>
         ^~~~~~~~~
1 error generated.
configure:5223: $? = 1
configure: failed program was:
| /* confdefs.h */
| #define PACKAGE_NAME "lxmlib"
| #define PACKAGE_TARNAME "lxmlib"
| #define PACKAGE_VERSION "0.1"
| #define PACKAGE_STRING "lxmlib 0.1"
| #define PACKAGE_BUGREPORT ""
| #define PACKAGE_URL ""
| #define PACKAGE "lxmlib"
| #define VERSION "0.1"
| #define STDC_HEADERS 1
| #define HAVE_SYS_TYPES_H 1
| #define HAVE_SYS_STAT_H 1
| #define HAVE_STDLIB_H 1
| #define HAVE_STRING_H 1
| #define HAVE_MEMORY_H 1
| #define HAVE_STRINGS_H 1
| #define HAVE_INTTYPES_H 1
| #define HAVE_STDINT_H 1
| #define HAVE_UNISTD_H 1
| #define HAVE_SYS_PARAM_H 1
| #define HAVE_FCNTL_H 1
| #define HAVE_NETDB_H 1
| #define HAVE_STDLIB_H 1
| #define HAVE_STRING_H 1
| #define HAVE_SYS_SOCKET_H 1
| #define HAVE_SYSLOG_H 1
| #define HAVE_UNISTD_H 1
| #define HAVE_GETCWD 1
| #define HAVE_FTRUNCATE 1
| #define HAVE_GETTIMEOFDAY 1
| #define HAVE_MEMSET 1
| #define HAVE_MKDIR 1
| #define HAVE_POW 1
| #define HAVE_SELECT 1
| #define HAVE_SOCKET 1
| #define HAVE_SQRT 1
| #define HAVE_STRERROR 1
| #define HAVE_STRCASECMP 1
| #define HAVE_STRPBRK 1
| #define HAVE_FLOOR 1
| #define HAVE_MEMMOVE 1
| #define HAVE__BOOL 1
| #define HAVE_PTRDIFF_T 1
| /* end confdefs.h.  */
| #include <vfork.h>
configure:5223: result: no
configure:5223: checking for vfork.h
configure:5223: result: no
configure:5236: checking for fork
configure:5236: gcc -o conftest -g -O2   conftest.c  >&5
configure:5236: $? = 0
configure:5236: result: yes
configure:5236: checking for vfork
configure:5236: gcc -o conftest -g -O2   conftest.c  >&5
conftest.c:69:6: warning: incompatible redeclaration of library function 'vfork' [-Wincompatible-library-redeclaration]
char vfork ();
     ^
conftest.c:69:6: note: 'vfork' is a builtin with type 'int (void)'
1 warning generated.
configure:5236: $? = 0
configure:5236: result: yes
configure:5246: checking for working fork
configure:5268: gcc -o conftest -g -O2   conftest.c  >&5
configure:5268: $? = 0
configure:5268: ./conftest
configure:5268: $? = 0
configure:5278: result: yes
configure:5299: checking for working vfork
configure:5409: result: yes
configure:5436: checking for stdlib.h
configure:5436: result: yes
configure:5446: checking for GNU libc compatible malloc
configure:5470: gcc -o conftest -g -O2   conftest.c  >&5
configure:5470: $? = 0
configure:5470: ./conftest
configure:5470: $? = 0
configure:5480: result: yes
configure:5503: checking for stdlib.h
configure:5503: result: yes
configure:5513: checking for GNU libc compatible realloc
configure:5537: gcc -o conftest -g -O2   conftest.c  >&5
configure:5537: $? = 0
configure:5537: ./conftest
configure:5537: $? = 0
configure:5547: result: yes
configure:5568: checking for off_t
configure:5568: gcc -c -g -O2  conftest.c >&5
configure:5568: $? = 0
configure:5568: gcc -c -g -O2  conftest.c >&5
conftest.c:89:20: error: expected expression
if (sizeof ((off_t)))
                   ^
1 error generated.
configure:5568: $? = 1
configure: failed program was:
| /* confdefs.h */
| #define PACKAGE_NAME "lxmlib"
| #define PACKAGE_TARNAME "lxmlib"
| #define PACKAGE_VERSION "0.1"
| #define PACKAGE_STRING "lxmlib 0.1"
| #define PACKAGE_BUGREPORT ""
| #define PACKAGE_URL ""
| #define PACKAGE "lxmlib"
| #define VERSION "0.1"
| #define STDC_HEADERS 1
| #define HAVE_SYS_TYPES_H 1
| #define HAVE_SYS_STAT_H 1
| #define HAVE_STDLIB_H 1
| #define HAVE_STRING_H 1
| #define HAVE_MEMORY_H 1
| #define HAVE_STRINGS_H 1
| #define HAVE_INTTYPES_H 1
| #define HAVE_STDINT_H 1
| #define HAVE_UNISTD_H 1
| #define HAVE_SYS_PARAM_H 1
| #define HAVE_FCNTL_H 1
| #define HAVE_NETDB_H 1
| #define HAVE_STDLIB_H 1
| #define HAVE_STRING_H 1
| #define HAVE_SYS_SOCKET_H 1
| #define HAVE_SYSLOG_H 1
| #define HAVE_UNISTD_H 1
| #define HAVE_GETCWD 1
| #define HAVE_FTRUNCATE 1
| #define HAVE_GETTIMEOFDAY 1
| #define HAVE_MEMSET 1
| #define HAVE_MKDIR 1
| #define HAVE_POW 1
| #define HAVE_SELECT 1
| #define HAVE_SOCKET 1
| #define HAVE_SQRT 1
| #define HAVE_STRERROR 1
| #define HAVE_STRCASECMP 1
| #define HAVE_STRPBRK 1
| #define HAVE_FLOOR 1
| #define HAVE_MEMMOVE 1
| #define HAVE__BOOL 1
| #define HAVE_PTRDIFF_T 1
| #define HAVE_FORK 1
| #define HAVE_VFORK 1
| #define HAVE_WORKING_VFORK 1
| #define HAVE_WORKING_FORK 1
| #define HAVE_STDLIB_H 1
| #define HAVE_MALLOC 1
| #define HAVE_STDLIB_H 1
| #define HAVE_REALLOC 1
| /* end confdefs.h.  */
| #include <stdio.h>
| #ifdef HAVE_SYS_TYPES_H
| # include <sys/types.h>
| #endif
| #ifdef HAVE_SYS_STAT_H
| # include <sys/stat.h>
| #endif
| #ifdef STDC_HEADERS
| # include <stdlib.h>
| # include <stddef.h>
| #else
| # ifdef HAVE_STDLIB_H
| #  include <stdlib.h>
| # endif
| #endif
| #ifdef HAVE_STRING_H
| # if !defined STDC_HEADERS && defined HAVE_MEMORY_H
| #  include <memory.h>
| # endif
| # include <string.h>
| #endif
| #ifdef HAVE_STRINGS_H
| # include <strings.h>
| #endif
| #ifdef HAVE_INTTYPES_H
| # include <inttypes.h>
| #endif
| #ifdef HAVE_STDINT_H
| # include <stdint.h>
| #endif
| #ifdef HAVE_UNISTD_H
| # include <unistd.h>
| #endif
| int
| main ()
| {
| if (sizeof ((off_t)))
| 	    return 0;
|   ;
|   return 0;
| }
configure:5568: result: yes
configure:5579: checking for pid_t
configure:5579: result: yes
configure:5590: checking for size_t
configure:5590: gcc -c -g -O2  conftest.c >&5
configure:5590: $? = 0
configure:5590: gcc -c -g -O2  conftest.c >&5
conftest.c:89:21: error: expected expression
if (sizeof ((size_t)))
                    ^
1 error generated.
configure:5590: $? = 1
configure: failed program was:
| /* confdefs.h */
| #define PACKAGE_NAME "lxmlib"
| #define PACKAGE_TARNAME "lxmlib"
| #define PACKAGE_VERSION "0.1"
| #define PACKAGE_STRING "lxmlib 0.1"
| #define PACKAGE_BUGREPORT ""
| #define PACKAGE_URL ""
| #define PACKAGE "lxmlib"
| #define VERSION "0.1"
| #define STDC_HEADERS 1
| #define HAVE_SYS_TYPES_H 1
| #define HAVE_SYS_STAT_H 1
| #define HAVE_STDLIB_H 1
| #define HAVE_STRING_H 1
| #define HAVE_MEMORY_H 1
| #define HAVE_STRINGS_H 1
| #define HAVE_INTTYPES_H 1
| #define HAVE_STDINT_H 1
| #define HAVE_UNISTD_H 1
| #define HAVE_SYS_PARAM_H 1
| #define HAVE_FCNTL_H 1
| #define HAVE_NETDB_H 1
| #define HAVE_STDLIB_H 1
| #define HAVE_STRING_H 1
| #define HAVE_SYS_SOCKET_H 1
| #define HAVE_SYSLOG_H 1
| #define HAVE_UNISTD_H 1
| #define HAVE_GETCWD 1
| #define HAVE_FTRUNCATE 1
| #define HAVE_GETTIMEOFDAY 1
| #define HAVE_MEMSET 1
| #define HAVE_MKDIR 1
| #define HAVE_POW 1
| #define HAVE_SELECT 1
| #define HAVE_SOCKET 1
| #define HAVE_SQRT 1
| #define HAVE_STRERROR 1
| #define HAVE_STRCASECMP 1
| #define HAVE_STRPBRK 1
| #define HAVE_FLOOR 1
| #define HAVE_MEMMOVE 1
| #define HAVE__BOOL 1
| #define HAVE_PTRDIFF_T 1
| #define HAVE_FORK 1
| #define HAVE_VFORK 1
| #define HAVE_WORKING_VFORK 1
| #define HAVE_WORKING_FORK 1
| #define HAVE_STDLIB_H 1
| #define HAVE_MALLOC 1
| #define HAVE_STDLIB_H 1
| #define HAVE_REALLOC 1
| /* end confdefs.h.  */
| #include <stdio.h>
| #ifdef HAVE_SYS_TYPES_H
| # include <sys/types.h>
| #endif
| #ifdef HAVE_SYS_STAT_H
| # include <sys/stat.h>
| #endif
| #ifdef STDC_HEADERS
| # include <stdlib.h>
| # include <stddef.h>
| #else
| # ifdef HAVE_STDLIB_H
| #  include <stdlib.h>
| # endif
| #endif
| #ifdef HAVE_STRING_H
| # if !defined STDC_HEADERS && defined HAVE_MEMORY_H
| #  include <memory.h>
| # endif
| # include <string.h>
| #endif
| #ifdef HAVE_STRINGS_H
| # include <strings.h>
| #endif
| #ifdef HAVE_INTTYPES_H
| # include <inttypes.h>
| #endif
| #ifdef HAVE_STDINT_H
| # include <stdint.h>
| #endif
| #ifdef HAVE_UNISTD_H
| # include <unistd.h>
| #endif
| int
| main ()
| {
| if (sizeof ((size_t)))
| 	    return 0;
|   ;
|   return 0;
| }
configure:5590: result: yes
configure:5601: checking for uint8_t
configure:5601: gcc -c -g -O2  conftest.c >&5
configure:5601: $? = 0
configure:5601: result: yes
configure:5615: checking for uint16_t
configure:5615: gcc -c -g -O2  conftest.c >&5
configure:5615: $? = 0
configure:5615: result: yes
configure:5627: checking for uint32_t
configure:5627: gcc -c -g -O2  conftest.c >&5
configure:5627: $? = 0
configure:5627: result: yes
configure:5641: checking for int32_t
configure:5641: gcc -c -g -O2  conftest.c >&5
configure:5641: $? = 0
configure:5641: gcc -c -g -O2  conftest.c >&5
conftest.c:91:53: warning: overflow in expression; result is -2147483648 with type 'int' [-Winteger-overflow]
                 < (int32_t) (((((int32_t) 1 << N) << N) - 1) * 2 + 2))];
                                                                  ^
conftest.c:90:24: error: 'test_array' declared as an array with a negative size
static int test_array [1 - 2 * !((int32_t) (((((int32_t) 1 << N) << N) - 1) * 2 + 1)
                       ^~~~~~~~~~~~~~~~~~~~~~~~~~~~~~~~~~~~~~~~~~~~~~~~~~~~~~~~~~~~~
1 warning and 1 error generated.
configure:5641: $? = 1
configure: failed program was:
| /* confdefs.h */
| #define PACKAGE_NAME "lxmlib"
| #define PACKAGE_TARNAME "lxmlib"
| #define PACKAGE_VERSION "0.1"
| #define PACKAGE_STRING "lxmlib 0.1"
| #define PACKAGE_BUGREPORT ""
| #define PACKAGE_URL ""
| #define PACKAGE "lxmlib"
| #define VERSION "0.1"
| #define STDC_HEADERS 1
| #define HAVE_SYS_TYPES_H 1
| #define HAVE_SYS_STAT_H 1
| #define HAVE_STDLIB_H 1
| #define HAVE_STRING_H 1
| #define HAVE_MEMORY_H 1
| #define HAVE_STRINGS_H 1
| #define HAVE_INTTYPES_H 1
| #define HAVE_STDINT_H 1
| #define HAVE_UNISTD_H 1
| #define HAVE_SYS_PARAM_H 1
| #define HAVE_FCNTL_H 1
| #define HAVE_NETDB_H 1
| #define HAVE_STDLIB_H 1
| #define HAVE_STRING_H 1
| #define HAVE_SYS_SOCKET_H 1
| #define HAVE_SYSLOG_H 1
| #define HAVE_UNISTD_H 1
| #define HAVE_GETCWD 1
| #define HAVE_FTRUNCATE 1
| #define HAVE_GETTIMEOFDAY 1
| #define HAVE_MEMSET 1
| #define HAVE_MKDIR 1
| #define HAVE_POW 1
| #define HAVE_SELECT 1
| #define HAVE_SOCKET 1
| #define HAVE_SQRT 1
| #define HAVE_STRERROR 1
| #define HAVE_STRCASECMP 1
| #define HAVE_STRPBRK 1
| #define HAVE_FLOOR 1
| #define HAVE_MEMMOVE 1
| #define HAVE__BOOL 1
| #define HAVE_PTRDIFF_T 1
| #define HAVE_FORK 1
| #define HAVE_VFORK 1
| #define HAVE_WORKING_VFORK 1
| #define HAVE_WORKING_FORK 1
| #define HAVE_STDLIB_H 1
| #define HAVE_MALLOC 1
| #define HAVE_STDLIB_H 1
| #define HAVE_REALLOC 1
| /* end confdefs.h.  */
| #include <stdio.h>
| #ifdef HAVE_SYS_TYPES_H
| # include <sys/types.h>
| #endif
| #ifdef HAVE_SYS_STAT_H
| # include <sys/stat.h>
| #endif
| #ifdef STDC_HEADERS
| # include <stdlib.h>
| # include <stddef.h>
| #else
| # ifdef HAVE_STDLIB_H
| #  include <stdlib.h>
| # endif
| #endif
| #ifdef HAVE_STRING_H
| # if !defined STDC_HEADERS && defined HAVE_MEMORY_H
| #  include <memory.h>
| # endif
| # include <string.h>
| #endif
| #ifdef HAVE_STRINGS_H
| # include <strings.h>
| #endif
| #ifdef HAVE_INTTYPES_H
| # include <inttypes.h>
| #endif
| #ifdef HAVE_STDINT_H
| # include <stdint.h>
| #endif
| #ifdef HAVE_UNISTD_H
| # include <unistd.h>
| #endif
| 	        enum { N = 32 / 2 - 1 };
| int
| main ()
| {
| static int test_array [1 - 2 * !((int32_t) (((((int32_t) 1 << N) << N) - 1) * 2 + 1)
| 		 < (int32_t) (((((int32_t) 1 << N) << N) - 1) * 2 + 2))];
| test_array [0] = 0;
| return test_array [0];
| 
|   ;
|   return 0;
| }
configure:5641: result: yes
configure:5652: checking for int64_t
configure:5652: gcc -c -g -O2  conftest.c >&5
configure:5652: $? = 0
configure:5652: gcc -c -g -O2  conftest.c >&5
conftest.c:91:53: warning: overflow in expression; result is -9223372036854775808 with type 'long long' [-Winteger-overflow]
                 < (int64_t) (((((int64_t) 1 << N) << N) - 1) * 2 + 2))];
                                                                  ^
conftest.c:90:24: error: 'test_array' declared as an array with a negative size
static int test_array [1 - 2 * !((int64_t) (((((int64_t) 1 << N) << N) - 1) * 2 + 1)
                       ^~~~~~~~~~~~~~~~~~~~~~~~~~~~~~~~~~~~~~~~~~~~~~~~~~~~~~~~~~~~~
1 warning and 1 error generated.
configure:5652: $? = 1
configure: failed program was:
| /* confdefs.h */
| #define PACKAGE_NAME "lxmlib"
| #define PACKAGE_TARNAME "lxmlib"
| #define PACKAGE_VERSION "0.1"
| #define PACKAGE_STRING "lxmlib 0.1"
| #define PACKAGE_BUGREPORT ""
| #define PACKAGE_URL ""
| #define PACKAGE "lxmlib"
| #define VERSION "0.1"
| #define STDC_HEADERS 1
| #define HAVE_SYS_TYPES_H 1
| #define HAVE_SYS_STAT_H 1
| #define HAVE_STDLIB_H 1
| #define HAVE_STRING_H 1
| #define HAVE_MEMORY_H 1
| #define HAVE_STRINGS_H 1
| #define HAVE_INTTYPES_H 1
| #define HAVE_STDINT_H 1
| #define HAVE_UNISTD_H 1
| #define HAVE_SYS_PARAM_H 1
| #define HAVE_FCNTL_H 1
| #define HAVE_NETDB_H 1
| #define HAVE_STDLIB_H 1
| #define HAVE_STRING_H 1
| #define HAVE_SYS_SOCKET_H 1
| #define HAVE_SYSLOG_H 1
| #define HAVE_UNISTD_H 1
| #define HAVE_GETCWD 1
| #define HAVE_FTRUNCATE 1
| #define HAVE_GETTIMEOFDAY 1
| #define HAVE_MEMSET 1
| #define HAVE_MKDIR 1
| #define HAVE_POW 1
| #define HAVE_SELECT 1
| #define HAVE_SOCKET 1
| #define HAVE_SQRT 1
| #define HAVE_STRERROR 1
| #define HAVE_STRCASECMP 1
| #define HAVE_STRPBRK 1
| #define HAVE_FLOOR 1
| #define HAVE_MEMMOVE 1
| #define HAVE__BOOL 1
| #define HAVE_PTRDIFF_T 1
| #define HAVE_FORK 1
| #define HAVE_VFORK 1
| #define HAVE_WORKING_VFORK 1
| #define HAVE_WORKING_FORK 1
| #define HAVE_STDLIB_H 1
| #define HAVE_MALLOC 1
| #define HAVE_STDLIB_H 1
| #define HAVE_REALLOC 1
| /* end confdefs.h.  */
| #include <stdio.h>
| #ifdef HAVE_SYS_TYPES_H
| # include <sys/types.h>
| #endif
| #ifdef HAVE_SYS_STAT_H
| # include <sys/stat.h>
| #endif
| #ifdef STDC_HEADERS
| # include <stdlib.h>
| # include <stddef.h>
| #else
| # ifdef HAVE_STDLIB_H
| #  include <stdlib.h>
| # endif
| #endif
| #ifdef HAVE_STRING_H
| # if !defined STDC_HEADERS && defined HAVE_MEMORY_H
| #  include <memory.h>
| # endif
| # include <string.h>
| #endif
| #ifdef HAVE_STRINGS_H
| # include <strings.h>
| #endif
| #ifdef HAVE_INTTYPES_H
| # include <inttypes.h>
| #endif
| #ifdef HAVE_STDINT_H
| # include <stdint.h>
| #endif
| #ifdef HAVE_UNISTD_H
| # include <unistd.h>
| #endif
| 	        enum { N = 64 / 2 - 1 };
| int
| main ()
| {
| static int test_array [1 - 2 * !((int64_t) (((((int64_t) 1 << N) << N) - 1) * 2 + 1)
| 		 < (int64_t) (((((int64_t) 1 << N) << N) - 1) * 2 + 2))];
| test_array [0] = 0;
| return test_array [0];
| 
|   ;
|   return 0;
| }
configure:5652: result: yes
configure:5663: checking for uint64_t
configure:5663: gcc -c -g -O2  conftest.c >&5
configure:5663: $? = 0
configure:5663: result: yes
configure:5825: checking that generated files are newer than configure
configure:5831: result: done
configure:5874: creating ./config.status

## ---------------------- ##
## Running config.status. ##
## ---------------------- ##

This file was extended by lxmlib config.status 0.1, which was
generated by GNU Autoconf 2.69.  Invocation command line was

  CONFIG_FILES    = 
  CONFIG_HEADERS  = 
  CONFIG_LINKS    = 
  CONFIG_COMMANDS = 
  $ ./config.status 

on bogon

config.status:807: creating Makefile
config.status:807: creating src/Makefile
config.status:979: executing depfiles commands
config.status:1056: cd src       && sed -e '/# am--include-marker/d' Makefile         | make -f - am--depfiles
config.status:1061: $? = 0

## ---------------- ##
## Cache variables. ##
## ---------------- ##

ac_cv_build=x86_64-apple-darwin20.1.0
ac_cv_c_compiler_gnu=yes
ac_cv_c_inline=inline
ac_cv_c_int32_t=yes
ac_cv_c_int64_t=yes
ac_cv_c_uint16_t=yes
ac_cv_c_uint32_t=yes
ac_cv_c_uint64_t=yes
ac_cv_c_uint8_t=yes
ac_cv_cxx_compiler_gnu=yes
ac_cv_env_CCC_set=
ac_cv_env_CCC_value=
ac_cv_env_CC_set=
ac_cv_env_CC_value=
ac_cv_env_CFLAGS_set=
ac_cv_env_CFLAGS_value=
ac_cv_env_CPPFLAGS_set=
ac_cv_env_CPPFLAGS_value=
ac_cv_env_CPP_set=
ac_cv_env_CPP_value=
ac_cv_env_CXXFLAGS_set=
ac_cv_env_CXXFLAGS_value=
ac_cv_env_CXX_set=
ac_cv_env_CXX_value=
ac_cv_env_LDFLAGS_set=
ac_cv_env_LDFLAGS_value=
ac_cv_env_LIBS_set=
ac_cv_env_LIBS_value=
ac_cv_env_build_alias_set=
ac_cv_env_build_alias_value=
ac_cv_env_host_alias_set=
ac_cv_env_host_alias_value=
ac_cv_env_target_alias_set=
ac_cv_env_target_alias_value=
ac_cv_func_floor=yes
ac_cv_func_fork=yes
ac_cv_func_fork_works=yes
ac_cv_func_ftruncate=yes
ac_cv_func_getcwd=yes
ac_cv_func_gettimeofday=yes
ac_cv_func_malloc_0_nonnull=yes
ac_cv_func_memmove=yes
ac_cv_func_memset=yes
ac_cv_func_mkdir=yes
ac_cv_func_pow=yes
ac_cv_func_realloc_0_nonnull=yes
ac_cv_func_select=yes
ac_cv_func_socket=yes
ac_cv_func_sqrt=yes
ac_cv_func_strcasecmp=yes
ac_cv_func_strerror=yes
ac_cv_func_strpbrk=yes
ac_cv_func_vfork=yes
ac_cv_func_vfork_works=yes
ac_cv_header_fcntl_h=yes
ac_cv_header_inttypes_h=yes
ac_cv_header_memory_h=yes
ac_cv_header_netdb_h=yes
ac_cv_header_stdbool_h=yes
ac_cv_header_stdc=yes
ac_cv_header_stdint_h=yes
ac_cv_header_stdlib_h=yes
ac_cv_header_string_h=yes
ac_cv_header_strings_h=yes
ac_cv_header_sys_param_h=yes
ac_cv_header_sys_socket_h=yes
ac_cv_header_sys_stat_h=yes
ac_cv_header_sys_types_h=yes
ac_cv_header_syslog_h=yes
ac_cv_header_unistd_h=yes
ac_cv_header_vfork_h=no
ac_cv_host=x86_64-apple-darwin20.1.0
ac_cv_lib_error_at_line=no
ac_cv_objext=o
ac_cv_path_EGREP='/usr/bin/grep -E'
ac_cv_path_GREP=/usr/bin/grep
ac_cv_path_install='/usr/bin/install -c'
ac_cv_prog_AWK=awk
ac_cv_prog_CPP='gcc -E'
ac_cv_prog_ac_ct_CC=gcc
ac_cv_prog_ac_ct_CXX=g++
ac_cv_prog_cc_c89=
ac_cv_prog_cc_g=yes
ac_cv_prog_cxx_g=yes
ac_cv_prog_make_make_set=yes
ac_cv_target=x86_64-apple-darwin20.1.0
ac_cv_type__Bool=yes
ac_cv_type_off_t=yes
ac_cv_type_pid_t=yes
ac_cv_type_ptrdiff_t=yes
ac_cv_type_size_t=yes
am_cv_CC_dependencies_compiler_type=gcc3
am_cv_CXX_dependencies_compiler_type=gcc3
am_cv_make_support_nested_variables=yes
am_cv_prog_cc_c_o=yes

## ----------------- ##
## Output variables. ##
## ----------------- ##

ACLOCAL='${SHELL} /Users/lxm/Workspace/lxmlib/missing aclocal-1.16'
AMDEPBACKSLASH='\'
AMDEP_FALSE='#'
AMDEP_TRUE=''
AMTAR='$${TAR-tar}'
AM_BACKSLASH='\'
AM_DEFAULT_V='$(AM_DEFAULT_VERBOSITY)'
AM_DEFAULT_VERBOSITY='1'
AM_V='$(V)'
AUTOCONF='${SHELL} /Users/lxm/Workspace/lxmlib/missing autoconf'
AUTOHEADER='${SHELL} /Users/lxm/Workspace/lxmlib/missing autoheader'
AUTOMAKE='${SHELL} /Users/lxm/Workspace/lxmlib/missing automake-1.16'
AWK='awk'
CC='gcc'
CCDEPMODE='depmode=gcc3'
CFLAGS='-g -O2'
CPP='gcc -E'
CPPFLAGS=''
CXX='g++'
CXXDEPMODE='depmode=gcc3'
CXXFLAGS='-std=c++0x'
CYGPATH_W='echo'
DEBUG_FALSE=''
DEBUG_TRUE='#'
DEFS='-DPACKAGE_NAME=\"lxmlib\" -DPACKAGE_TARNAME=\"lxmlib\" -DPACKAGE_VERSION=\"0.1\" -DPACKAGE_STRING=\"lxmlib\ 0.1\" -DPACKAGE_BUGREPORT=\"\" -DPACKAGE_URL=\"\" -DPACKAGE=\"lxmlib\" -DVERSION=\"0.1\" -DSTDC_HEADERS=1 -DHAVE_SYS_TYPES_H=1 -DHAVE_SYS_STAT_H=1 -DHAVE_STDLIB_H=1 -DHAVE_STRING_H=1 -DHAVE_MEMORY_H=1 -DHAVE_STRINGS_H=1 -DHAVE_INTTYPES_H=1 -DHAVE_STDINT_H=1 -DHAVE_UNISTD_H=1 -DHAVE_SYS_PARAM_H=1 -DHAVE_FCNTL_H=1 -DHAVE_NETDB_H=1 -DHAVE_STDLIB_H=1 -DHAVE_STRING_H=1 -DHAVE_SYS_SOCKET_H=1 -DHAVE_SYSLOG_H=1 -DHAVE_UNISTD_H=1 -DHAVE_GETCWD=1 -DHAVE_FTRUNCATE=1 -DHAVE_GETTIMEOFDAY=1 -DHAVE_MEMSET=1 -DHAVE_MKDIR=1 -DHAVE_POW=1 -DHAVE_SELECT=1 -DHAVE_SOCKET=1 -DHAVE_SQRT=1 -DHAVE_STRERROR=1 -DHAVE_STRCASECMP=1 -DHAVE_STRPBRK=1 -DHAVE_FLOOR=1 -DHAVE_MEMMOVE=1 -DHAVE__BOOL=1 -DHAVE_PTRDIFF_T=1 -DHAVE_FORK=1 -DHAVE_VFORK=1 -DHAVE_WORKING_VFORK=1 -DHAVE_WORKING_FORK=1 -DHAVE_STDLIB_H=1 -DHAVE_MALLOC=1 -DHAVE_STDLIB_H=1 -DHAVE_REALLOC=1'
DEPDIR='.deps'
ECHO_C='\c'
ECHO_N=''
ECHO_T=''
EGREP='/usr/bin/grep -E'
EXEEXT=''
GREP='/usr/bin/grep'
INSTALL_DATA='${INSTALL} -m 644'
INSTALL_PROGRAM='${INSTALL}'
INSTALL_SCRIPT='${INSTALL}'
INSTALL_STRIP_PROGRAM='$(install_sh) -c -s'
LDFLAGS=''
LIBOBJS=' ${LIBOBJDIR}error$U.o'
LIBS=''
LINUX_FALSE=''
LINUX_TRUE='#'
LTLIBOBJS=' ${LIBOBJDIR}error$U.lo'
MAKEINFO='${SHELL} /Users/lxm/Workspace/lxmlib/missing makeinfo'
MKDIR_P='./install-sh -c -d'
OBJEXT='o'
OSX_FALSE='#'
OSX_TRUE=''
PACKAGE='lxmlib'
PACKAGE_BUGREPORT=''
PACKAGE_NAME='lxmlib'
PACKAGE_STRING='lxmlib 0.1'
PACKAGE_TARNAME='lxmlib'
PACKAGE_URL=''
PACKAGE_VERSION='0.1'
PATH_SEPARATOR=':'
SET_MAKE=''
SHELL='/bin/sh'
STRIP=''
VERSION='0.1'
WINDOWS_FALSE=''
WINDOWS_TRUE='#'
ac_ct_CC='gcc'
ac_ct_CXX='g++'
am__EXEEXT_FALSE=''
am__EXEEXT_TRUE='#'
am__fastdepCC_FALSE='#'
am__fastdepCC_TRUE=''
am__fastdepCXX_FALSE='#'
am__fastdepCXX_TRUE=''
am__include='include'
am__isrc=''
am__leading_dot='.'
am__nodep='_no'
am__quote=''
am__tar='$${TAR-tar} chof - "$$tardir"'
am__untar='$${TAR-tar} xf -'
bindir='${exec_prefix}/bin'
build='x86_64-apple-darwin20.1.0'
build_alias=''
build_cpu='x86_64'
build_os='darwin20.1.0'
build_vendor='apple'
datadir='${datarootdir}'
datarootdir='${prefix}/share'
docdir='${datarootdir}/doc/${PACKAGE_TARNAME}'
dvidir='${docdir}'
exec_prefix='${prefix}'
host='x86_64-apple-darwin20.1.0'
host_alias=''
host_cpu='x86_64'
host_os='darwin20.1.0'
host_vendor='apple'
htmldir='${docdir}'
includedir='${prefix}/include'
infodir='${datarootdir}/info'
install_sh='${SHELL} /Users/lxm/Workspace/lxmlib/install-sh'
libdir='${exec_prefix}/lib'
libexecdir='${exec_prefix}/libexec'
localedir='${datarootdir}/locale'
localstatedir='${prefix}/var'
mandir='${datarootdir}/man'
mkdir_p='$(MKDIR_P)'
oldincludedir='/usr/include'
pdfdir='${docdir}'
prefix='/usr/local'
program_transform_name='s,x,x,'
psdir='${docdir}'
sbindir='${exec_prefix}/sbin'
sharedstatedir='${prefix}/com'
sysconfdir='${prefix}/etc'
target='x86_64-apple-darwin20.1.0'
target_alias=''
target_cpu='x86_64'
target_os='darwin20.1.0'
target_vendor='apple'

## ----------- ##
## confdefs.h. ##
## ----------- ##

/* confdefs.h */
#define PACKAGE_NAME "lxmlib"
#define PACKAGE_TARNAME "lxmlib"
#define PACKAGE_VERSION "0.1"
#define PACKAGE_STRING "lxmlib 0.1"
#define PACKAGE_BUGREPORT ""
#define PACKAGE_URL ""
#define PACKAGE "lxmlib"
#define VERSION "0.1"
#define STDC_HEADERS 1
#define HAVE_SYS_TYPES_H 1
#define HAVE_SYS_STAT_H 1
#define HAVE_STDLIB_H 1
#define HAVE_STRING_H 1
#define HAVE_MEMORY_H 1
#define HAVE_STRINGS_H 1
#define HAVE_INTTYPES_H 1
#define HAVE_STDINT_H 1
#define HAVE_UNISTD_H 1
#define HAVE_SYS_PARAM_H 1
#define HAVE_FCNTL_H 1
#define HAVE_NETDB_H 1
#define HAVE_STDLIB_H 1
#define HAVE_STRING_H 1
#define HAVE_SYS_SOCKET_H 1
#define HAVE_SYSLOG_H 1
#define HAVE_UNISTD_H 1
#define HAVE_GETCWD 1
#define HAVE_FTRUNCATE 1
#define HAVE_GETTIMEOFDAY 1
#define HAVE_MEMSET 1
#define HAVE_MKDIR 1
#define HAVE_POW 1
#define HAVE_SELECT 1
#define HAVE_SOCKET 1
#define HAVE_SQRT 1
#define HAVE_STRERROR 1
#define HAVE_STRCASECMP 1
#define HAVE_STRPBRK 1
#define HAVE_FLOOR 1
#define HAVE_MEMMOVE 1
#define HAVE__BOOL 1
#define HAVE_PTRDIFF_T 1
#define HAVE_FORK 1
#define HAVE_VFORK 1
#define HAVE_WORKING_VFORK 1
#define HAVE_WORKING_FORK 1
#define HAVE_STDLIB_H 1
#define HAVE_MALLOC 1
#define HAVE_STDLIB_H 1
#define HAVE_REALLOC 1

configure: exit 0
