This file contains any messages produced by compilers while
running configure, to aid debugging if configure makes a mistake.

It was created by lxmlib configure 0.1, which was
generated by GNU Autoconf 2.69.  Invocation command line was

  $ ../configure 

## --------- ##
## Platform. ##
## --------- ##

hostname = modest
uname -m = x86_64
uname -r = 17.2.0
uname -s = Darwin
uname -v = Darwin Kernel Version 17.2.0: Fri Sep 29 18:27:05 PDT 2017; root:xnu-4570.20.62~3/RELEASE_X86_64

/usr/bin/uname -p = i386
/bin/uname -X     = unknown

/bin/arch              = unknown
/usr/bin/arch -k       = unknown
/usr/convex/getsysinfo = unknown
/usr/bin/hostinfo      = Mach kernel version:
	 Darwin Kernel Version 17.2.0: Fri Sep 29 18:27:05 PDT 2017; root:xnu-4570.20.62~3/RELEASE_X86_64
Kernel configured for up to 8 processors.
4 processors are physically available.
8 processors are logically available.
Processor type: x86_64h (Intel x86-64h Haswell)
Processors active: 0 1 2 3 4 5 6 7
Primary memory available: 16.00 gigabytes
Default processor set: 412 tasks, 1642 threads, 8 processors
Load average: 2.34, Mach factor: 5.65
/bin/machine           = unknown
/usr/bin/oslevel       = unknown
/bin/universe          = unknown

PATH: /usr/local/bin
PATH: /usr/bin
PATH: /bin
PATH: /usr/sbin
PATH: /sbin
PATH: /Library/TeX/texbin
PATH: /opt/X11/bin


## ----------- ##
## Core tests. ##
## ----------- ##

configure:2343: checking build system type
configure:2357: result: x86_64-apple-darwin17.2.0
configure:2377: checking host system type
configure:2390: result: x86_64-apple-darwin17.2.0
configure:2410: checking target system type
configure:2423: result: x86_64-apple-darwin17.2.0
configure:2466: checking for a BSD-compatible install
configure:2534: result: /usr/bin/install -c
configure:2545: checking whether build environment is sane
configure:2600: result: yes
configure:2751: checking for a thread-safe mkdir -p
configure:2790: result: ../install-sh -c -d
configure:2797: checking for gawk
configure:2827: result: no
configure:2797: checking for mawk
configure:2827: result: no
configure:2797: checking for nawk
configure:2827: result: no
configure:2797: checking for awk
configure:2813: found /usr/bin/awk
configure:2824: result: awk
configure:2835: checking whether make sets $(MAKE)
configure:2857: result: yes
configure:2886: checking whether make supports nested variables
configure:2903: result: yes
configure:3088: checking for g++
configure:3104: found /usr/bin/g++
configure:3115: result: g++
configure:3142: checking for C++ compiler version
configure:3151: g++ --version >&5
Apple LLVM version 9.0.0 (clang-900.0.38)
Target: x86_64-apple-darwin17.2.0
Thread model: posix
InstalledDir: /Library/Developer/CommandLineTools/usr/bin
Configured with: --prefix=/Library/Developer/CommandLineTools/usr --with-gxx-include-dir=/usr/include/c++/4.2.1
configure:3162: $? = 0
configure:3151: g++ -v >&5
Configured with: --prefix=/Library/Developer/CommandLineTools/usr --with-gxx-include-dir=/usr/include/c++/4.2.1
Apple LLVM version 9.0.0 (clang-900.0.38)
Target: x86_64-apple-darwin17.2.0
Thread model: posix
InstalledDir: /Library/Developer/CommandLineTools/usr/bin
configure:3162: $? = 0
configure:3151: g++ -V >&5
clang: error: argument to '-V' is missing (expected 1 value)
clang: error: no input files
configure:3162: $? = 1
configure:3151: g++ -qversion >&5
clang: error: unknown argument: '-qversion'
clang: error: no input files
configure:3162: $? = 1
configure:3182: checking whether the C++ compiler works
configure:3204: g++    conftest.cpp  >&5
configure:3208: $? = 0
configure:3256: result: yes
configure:3259: checking for C++ compiler default output file name
configure:3261: result: a.out
configure:3267: checking for suffix of executables
configure:3274: g++ -o conftest    conftest.cpp  >&5
configure:3278: $? = 0
configure:3300: result: 
configure:3322: checking whether we are cross compiling
configure:3330: g++ -o conftest    conftest.cpp  >&5
configure:3334: $? = 0
configure:3341: ./conftest
configure:3345: $? = 0
configure:3360: result: no
configure:3365: checking for suffix of object files
configure:3387: g++ -c   conftest.cpp >&5
configure:3391: $? = 0
configure:3412: result: o
configure:3416: checking whether we are using the GNU C++ compiler
configure:3435: g++ -c   conftest.cpp >&5
configure:3435: $? = 0
configure:3444: result: yes
configure:3453: checking whether g++ accepts -g
configure:3473: g++ -c -g  conftest.cpp >&5
configure:3473: $? = 0
configure:3514: result: yes
configure:3548: checking for style of include used by make
configure:3576: result: GNU
configure:3602: checking dependency style of g++
configure:3713: result: gcc3
configure:3776: checking for gcc
configure:3792: found /usr/bin/gcc
configure:3803: result: gcc
configure:4032: checking for C compiler version
configure:4041: gcc --version >&5
Apple LLVM version 9.0.0 (clang-900.0.38)
Target: x86_64-apple-darwin17.2.0
Thread model: posix
InstalledDir: /Library/Developer/CommandLineTools/usr/bin
Configured with: --prefix=/Library/Developer/CommandLineTools/usr --with-gxx-include-dir=/usr/include/c++/4.2.1
configure:4052: $? = 0
configure:4041: gcc -v >&5
Configured with: --prefix=/Library/Developer/CommandLineTools/usr --with-gxx-include-dir=/usr/include/c++/4.2.1
Apple LLVM version 9.0.0 (clang-900.0.38)
Target: x86_64-apple-darwin17.2.0
Thread model: posix
InstalledDir: /Library/Developer/CommandLineTools/usr/bin
configure:4052: $? = 0
configure:4041: gcc -V >&5
clang: error: argument to '-V' is missing (expected 1 value)
clang: error: no input files
configure:4052: $? = 1
configure:4041: gcc -qversion >&5
clang: error: unknown argument: '-qversion'
clang: error: no input files
configure:4052: $? = 1
configure:4056: checking whether we are using the GNU C compiler
configure:4075: gcc -c   conftest.c >&5
configure:4075: $? = 0
configure:4084: result: yes
configure:4093: checking whether gcc accepts -g
configure:4113: gcc -c -g  conftest.c >&5
configure:4113: $? = 0
configure:4154: result: yes
configure:4171: checking for gcc option to accept ISO C89
configure:4234: gcc  -c -g -O2  conftest.c >&5
configure:4234: $? = 0
configure:4247: result: none needed
configure:4272: checking whether gcc understands -c and -o together
configure:4294: gcc -c conftest.c -o conftest2.o
configure:4297: $? = 0
configure:4294: gcc -c conftest.c -o conftest2.o
configure:4297: $? = 0
configure:4309: result: yes
configure:4328: checking dependency style of gcc
configure:4439: result: gcc3
configure:4459: checking for ftruncate
configure:4459: gcc -o conftest -g -O2   conftest.c  >&5
configure:4459: $? = 0
configure:4459: result: yes
configure:4459: checking for gettimeofday
configure:4459: gcc -o conftest -g -O2   conftest.c  >&5
configure:4459: $? = 0
configure:4459: result: yes
configure:4459: checking for memset
configure:4459: gcc -o conftest -g -O2   conftest.c  >&5
conftest.c:36:6: warning: incompatible redeclaration of library function 'memset' [-Wincompatible-library-redeclaration]
char memset ();
     ^
conftest.c:36:6: note: 'memset' is a builtin with type 'void *(void *, int, unsigned long)'
1 warning generated.
configure:4459: $? = 0
configure:4459: result: yes
configure:4459: checking for mkdir
configure:4459: gcc -o conftest -g -O2   conftest.c  >&5
configure:4459: $? = 0
configure:4459: result: yes
configure:4459: checking for pow
configure:4459: gcc -o conftest -g -O2   conftest.c  >&5
conftest.c:38:6: warning: incompatible redeclaration of library function 'pow' [-Wincompatible-library-redeclaration]
char pow ();
     ^
conftest.c:38:6: note: 'pow' is a builtin with type 'double (double, double)'
1 warning generated.
configure:4459: $? = 0
configure:4459: result: yes
configure:4459: checking for select
configure:4459: gcc -o conftest -g -O2   conftest.c  >&5
configure:4459: $? = 0
configure:4459: result: yes
configure:4459: checking for socket
configure:4459: gcc -o conftest -g -O2   conftest.c  >&5
configure:4459: $? = 0
configure:4459: result: yes
configure:4459: checking for sqrt
configure:4459: gcc -o conftest -g -O2   conftest.c  >&5
conftest.c:41:6: warning: incompatible redeclaration of library function 'sqrt' [-Wincompatible-library-redeclaration]
char sqrt ();
     ^
conftest.c:41:6: note: 'sqrt' is a builtin with type 'double (double)'
1 warning generated.
configure:4459: $? = 0
configure:4459: result: yes
configure:4459: checking for strerror
configure:4459: gcc -o conftest -g -O2   conftest.c  >&5
conftest.c:42:6: warning: incompatible redeclaration of library function 'strerror' [-Wincompatible-library-redeclaration]
char strerror ();
     ^
conftest.c:42:6: note: 'strerror' is a builtin with type 'char *(int)'
1 warning generated.
configure:4459: $? = 0
configure:4459: result: yes
configure:4473: checking how to run the C preprocessor
configure:4504: gcc -E  conftest.c
configure:4504: $? = 0
configure:4518: gcc -E  conftest.c
conftest.c:20:10: fatal error: 'ac_nonexistent.h' file not found
#include <ac_nonexistent.h>
         ^~~~~~~~~~~~~~~~~~
1 error generated.
configure:4518: $? = 1
configure: failed program was:
| /* confdefs.h */
| #define PACKAGE_NAME "lxmlib"
| #define PACKAGE_TARNAME "lxmlib"
| #define PACKAGE_VERSION "0.1"
| #define PACKAGE_STRING "lxmlib 0.1"
| #define PACKAGE_BUGREPORT ""
| #define PACKAGE_URL ""
| #define PACKAGE "lxmlib"
| #define VERSION "0.1"
| #define HAVE_FTRUNCATE 1
| #define HAVE_GETTIMEOFDAY 1
| #define HAVE_MEMSET 1
| #define HAVE_MKDIR 1
| #define HAVE_POW 1
| #define HAVE_SELECT 1
| #define HAVE_SOCKET 1
| #define HAVE_SQRT 1
| #define HAVE_STRERROR 1
| /* end confdefs.h.  */
| #include <ac_nonexistent.h>
configure:4543: result: gcc -E
configure:4563: gcc -E  conftest.c
configure:4563: $? = 0
configure:4577: gcc -E  conftest.c
conftest.c:20:10: fatal error: 'ac_nonexistent.h' file not found
#include <ac_nonexistent.h>
         ^~~~~~~~~~~~~~~~~~
1 error generated.
configure:4577: $? = 1
configure: failed program was:
| /* confdefs.h */
| #define PACKAGE_NAME "lxmlib"
| #define PACKAGE_TARNAME "lxmlib"
| #define PACKAGE_VERSION "0.1"
| #define PACKAGE_STRING "lxmlib 0.1"
| #define PACKAGE_BUGREPORT ""
| #define PACKAGE_URL ""
| #define PACKAGE "lxmlib"
| #define VERSION "0.1"
| #define HAVE_FTRUNCATE 1
| #define HAVE_GETTIMEOFDAY 1
| #define HAVE_MEMSET 1
| #define HAVE_MKDIR 1
| #define HAVE_POW 1
| #define HAVE_SELECT 1
| #define HAVE_SOCKET 1
| #define HAVE_SQRT 1
| #define HAVE_STRERROR 1
| /* end confdefs.h.  */
| #include <ac_nonexistent.h>
configure:4606: checking for grep that handles long lines and -e
configure:4664: result: /usr/bin/grep
configure:4669: checking for egrep
configure:4731: result: /usr/bin/grep -E
configure:4736: checking for ANSI C header files
configure:4756: gcc -c -g -O2  conftest.c >&5
configure:4756: $? = 0
configure:4829: gcc -o conftest -g -O2   conftest.c  >&5
configure:4829: $? = 0
configure:4829: ./conftest
configure:4829: $? = 0
configure:4840: result: yes
configure:4853: checking for sys/types.h
configure:4853: gcc -c -g -O2  conftest.c >&5
configure:4853: $? = 0
configure:4853: result: yes
configure:4853: checking for sys/stat.h
configure:4853: gcc -c -g -O2  conftest.c >&5
configure:4853: $? = 0
configure:4853: result: yes
configure:4853: checking for stdlib.h
configure:4853: gcc -c -g -O2  conftest.c >&5
configure:4853: $? = 0
configure:4853: result: yes
configure:4853: checking for string.h
configure:4853: gcc -c -g -O2  conftest.c >&5
configure:4853: $? = 0
configure:4853: result: yes
configure:4853: checking for memory.h
configure:4853: gcc -c -g -O2  conftest.c >&5
configure:4853: $? = 0
configure:4853: result: yes
configure:4853: checking for strings.h
configure:4853: gcc -c -g -O2  conftest.c >&5
configure:4853: $? = 0
configure:4853: result: yes
configure:4853: checking for inttypes.h
configure:4853: gcc -c -g -O2  conftest.c >&5
configure:4853: $? = 0
configure:4853: result: yes
configure:4853: checking for stdint.h
configure:4853: gcc -c -g -O2  conftest.c >&5
configure:4853: $? = 0
configure:4853: result: yes
configure:4853: checking for unistd.h
configure:4853: gcc -c -g -O2  conftest.c >&5
configure:4853: $? = 0
configure:4853: result: yes
configure:4868: checking fcntl.h usability
configure:4868: gcc -c -g -O2  conftest.c >&5
configure:4868: $? = 0
configure:4868: result: yes
configure:4868: checking fcntl.h presence
configure:4868: gcc -E  conftest.c
configure:4868: $? = 0
configure:4868: result: yes
configure:4868: checking for fcntl.h
configure:4868: result: yes
configure:4868: checking netdb.h usability
configure:4868: gcc -c -g -O2  conftest.c >&5
configure:4868: $? = 0
configure:4868: result: yes
configure:4868: checking netdb.h presence
configure:4868: gcc -E  conftest.c
configure:4868: $? = 0
configure:4868: result: yes
configure:4868: checking for netdb.h
configure:4868: result: yes
configure:4868: checking for stdlib.h
configure:4868: result: yes
configure:4868: checking for string.h
configure:4868: result: yes
configure:4868: checking sys/socket.h usability
configure:4868: gcc -c -g -O2  conftest.c >&5
configure:4868: $? = 0
configure:4868: result: yes
configure:4868: checking sys/socket.h presence
configure:4868: gcc -E  conftest.c
configure:4868: $? = 0
configure:4868: result: yes
configure:4868: checking for sys/socket.h
configure:4868: result: yes
configure:4868: checking syslog.h usability
configure:4868: gcc -c -g -O2  conftest.c >&5
configure:4868: $? = 0
configure:4868: result: yes
configure:4868: checking syslog.h presence
configure:4868: gcc -E  conftest.c
configure:4868: $? = 0
configure:4868: result: yes
configure:4868: checking for syslog.h
configure:4868: result: yes
configure:4868: checking for unistd.h
configure:4868: result: yes
configure:4878: checking for stdbool.h that conforms to C99
configure:4945: gcc -c -g -O2  conftest.c >&5
conftest.c:86:24: warning: address of 's' will always evaluate to 'true' [-Wpointer-bool-conversion]
             bool e = &s;
                  ~    ^
conftest.c:90:23: warning: address of array 'a' will always evaluate to 'true' [-Wpointer-bool-conversion]
             return (!a + !b + !c + !d + !e + !f + !g + !h + !i + !!j + !k + !!l
                     ~^
conftest.c:90:28: warning: address of array 'b' will always evaluate to 'true' [-Wpointer-bool-conversion]
             return (!a + !b + !c + !d + !e + !f + !g + !h + !i + !!j + !k + !!l
                          ~^
conftest.c:90:33: warning: address of array 'c' will always evaluate to 'true' [-Wpointer-bool-conversion]
             return (!a + !b + !c + !d + !e + !f + !g + !h + !i + !!j + !k + !!l
                               ~^
conftest.c:90:38: warning: address of array 'd' will always evaluate to 'true' [-Wpointer-bool-conversion]
             return (!a + !b + !c + !d + !e + !f + !g + !h + !i + !!j + !k + !!l
                                    ~^
conftest.c:90:48: warning: address of array 'f' will always evaluate to 'true' [-Wpointer-bool-conversion]
             return (!a + !b + !c + !d + !e + !f + !g + !h + !i + !!j + !k + !!l
                                              ~^
conftest.c:90:53: warning: address of array 'g' will always evaluate to 'true' [-Wpointer-bool-conversion]
             return (!a + !b + !c + !d + !e + !f + !g + !h + !i + !!j + !k + !!l
                                                   ~^
conftest.c:90:58: warning: address of array 'h' will always evaluate to 'true' [-Wpointer-bool-conversion]
             return (!a + !b + !c + !d + !e + !f + !g + !h + !i + !!j + !k + !!l
                                                        ~^
conftest.c:90:63: warning: address of array 'i' will always evaluate to 'true' [-Wpointer-bool-conversion]
             return (!a + !b + !c + !d + !e + !f + !g + !h + !i + !!j + !k + !!l
                                                             ~^
conftest.c:91:30: warning: address of array 'n' will always evaluate to 'true' [-Wpointer-bool-conversion]
                            ~^
conftest.c:91:35: warning: address of array 'o' will always evaluate to 'true' [-Wpointer-bool-conversion]
                                 ~^
conftest.c:91:40: warning: address of array 'p' will always evaluate to 'true' [-Wpointer-bool-conversion]
                                      ~^
12 warnings generated.
configure:4945: $? = 0
configure:4952: result: yes
configure:4954: checking for _Bool
configure:4954: gcc -c -g -O2  conftest.c >&5
configure:4954: $? = 0
configure:4954: gcc -c -g -O2  conftest.c >&5
conftest.c:73:20: error: expected expression
if (sizeof ((_Bool)))
                   ^
1 error generated.
configure:4954: $? = 1
configure: failed program was:
| /* confdefs.h */
| #define PACKAGE_NAME "lxmlib"
| #define PACKAGE_TARNAME "lxmlib"
| #define PACKAGE_VERSION "0.1"
| #define PACKAGE_STRING "lxmlib 0.1"
| #define PACKAGE_BUGREPORT ""
| #define PACKAGE_URL ""
| #define PACKAGE "lxmlib"
| #define VERSION "0.1"
| #define HAVE_FTRUNCATE 1
| #define HAVE_GETTIMEOFDAY 1
| #define HAVE_MEMSET 1
| #define HAVE_MKDIR 1
| #define HAVE_POW 1
| #define HAVE_SELECT 1
| #define HAVE_SOCKET 1
| #define HAVE_SQRT 1
| #define HAVE_STRERROR 1
| #define STDC_HEADERS 1
| #define HAVE_SYS_TYPES_H 1
| #define HAVE_SYS_STAT_H 1
| #define HAVE_STDLIB_H 1
| #define HAVE_STRING_H 1
| #define HAVE_MEMORY_H 1
| #define HAVE_STRINGS_H 1
| #define HAVE_INTTYPES_H 1
| #define HAVE_STDINT_H 1
| #define HAVE_UNISTD_H 1
| #define HAVE_FCNTL_H 1
| #define HAVE_NETDB_H 1
| #define HAVE_STDLIB_H 1
| #define HAVE_STRING_H 1
| #define HAVE_SYS_SOCKET_H 1
| #define HAVE_SYSLOG_H 1
| #define HAVE_UNISTD_H 1
| /* end confdefs.h.  */
| #include <stdio.h>
| #ifdef HAVE_SYS_TYPES_H
| # include <sys/types.h>
| #endif
| #ifdef HAVE_SYS_STAT_H
| # include <sys/stat.h>
| #endif
| #ifdef STDC_HEADERS
| # include <stdlib.h>
| # include <stddef.h>
| #else
| # ifdef HAVE_STDLIB_H
| #  include <stdlib.h>
| # endif
| #endif
| #ifdef HAVE_STRING_H
| # if !defined STDC_HEADERS && defined HAVE_MEMORY_H
| #  include <memory.h>
| # endif
| # include <string.h>
| #endif
| #ifdef HAVE_STRINGS_H
| # include <strings.h>
| #endif
| #ifdef HAVE_INTTYPES_H
| # include <inttypes.h>
| #endif
| #ifdef HAVE_STDINT_H
| # include <stdint.h>
| #endif
| #ifdef HAVE_UNISTD_H
| # include <unistd.h>
| #endif
| int
| main ()
| {
| if (sizeof ((_Bool)))
| 	    return 0;
|   ;
|   return 0;
| }
configure:4954: result: yes
configure:4965: checking for pid_t
configure:4965: gcc -c -g -O2  conftest.c >&5
configure:4965: $? = 0
configure:4965: gcc -c -g -O2  conftest.c >&5
conftest.c:74:20: error: expected expression
if (sizeof ((pid_t)))
                   ^
1 error generated.
configure:4965: $? = 1
configure: failed program was:
| /* confdefs.h */
| #define PACKAGE_NAME "lxmlib"
| #define PACKAGE_TARNAME "lxmlib"
| #define PACKAGE_VERSION "0.1"
| #define PACKAGE_STRING "lxmlib 0.1"
| #define PACKAGE_BUGREPORT ""
| #define PACKAGE_URL ""
| #define PACKAGE "lxmlib"
| #define VERSION "0.1"
| #define HAVE_FTRUNCATE 1
| #define HAVE_GETTIMEOFDAY 1
| #define HAVE_MEMSET 1
| #define HAVE_MKDIR 1
| #define HAVE_POW 1
| #define HAVE_SELECT 1
| #define HAVE_SOCKET 1
| #define HAVE_SQRT 1
| #define HAVE_STRERROR 1
| #define STDC_HEADERS 1
| #define HAVE_SYS_TYPES_H 1
| #define HAVE_SYS_STAT_H 1
| #define HAVE_STDLIB_H 1
| #define HAVE_STRING_H 1
| #define HAVE_MEMORY_H 1
| #define HAVE_STRINGS_H 1
| #define HAVE_INTTYPES_H 1
| #define HAVE_STDINT_H 1
| #define HAVE_UNISTD_H 1
| #define HAVE_FCNTL_H 1
| #define HAVE_NETDB_H 1
| #define HAVE_STDLIB_H 1
| #define HAVE_STRING_H 1
| #define HAVE_SYS_SOCKET_H 1
| #define HAVE_SYSLOG_H 1
| #define HAVE_UNISTD_H 1
| #define HAVE__BOOL 1
| /* end confdefs.h.  */
| #include <stdio.h>
| #ifdef HAVE_SYS_TYPES_H
| # include <sys/types.h>
| #endif
| #ifdef HAVE_SYS_STAT_H
| # include <sys/stat.h>
| #endif
| #ifdef STDC_HEADERS
| # include <stdlib.h>
| # include <stddef.h>
| #else
| # ifdef HAVE_STDLIB_H
| #  include <stdlib.h>
| # endif
| #endif
| #ifdef HAVE_STRING_H
| # if !defined STDC_HEADERS && defined HAVE_MEMORY_H
| #  include <memory.h>
| # endif
| # include <string.h>
| #endif
| #ifdef HAVE_STRINGS_H
| # include <strings.h>
| #endif
| #ifdef HAVE_INTTYPES_H
| # include <inttypes.h>
| #endif
| #ifdef HAVE_STDINT_H
| # include <stdint.h>
| #endif
| #ifdef HAVE_UNISTD_H
| # include <unistd.h>
| #endif
| int
| main ()
| {
| if (sizeof ((pid_t)))
| 	    return 0;
|   ;
|   return 0;
| }
configure:4965: result: yes
configure:4978: checking vfork.h usability
configure:4978: gcc -c -g -O2  conftest.c >&5
conftest.c:71:10: fatal error: 'vfork.h' file not found
#include <vfork.h>
         ^~~~~~~~~
1 error generated.
configure:4978: $? = 1
configure: failed program was:
| /* confdefs.h */
| #define PACKAGE_NAME "lxmlib"
| #define PACKAGE_TARNAME "lxmlib"
| #define PACKAGE_VERSION "0.1"
| #define PACKAGE_STRING "lxmlib 0.1"
| #define PACKAGE_BUGREPORT ""
| #define PACKAGE_URL ""
| #define PACKAGE "lxmlib"
| #define VERSION "0.1"
| #define HAVE_FTRUNCATE 1
| #define HAVE_GETTIMEOFDAY 1
| #define HAVE_MEMSET 1
| #define HAVE_MKDIR 1
| #define HAVE_POW 1
| #define HAVE_SELECT 1
| #define HAVE_SOCKET 1
| #define HAVE_SQRT 1
| #define HAVE_STRERROR 1
| #define STDC_HEADERS 1
| #define HAVE_SYS_TYPES_H 1
| #define HAVE_SYS_STAT_H 1
| #define HAVE_STDLIB_H 1
| #define HAVE_STRING_H 1
| #define HAVE_MEMORY_H 1
| #define HAVE_STRINGS_H 1
| #define HAVE_INTTYPES_H 1
| #define HAVE_STDINT_H 1
| #define HAVE_UNISTD_H 1
| #define HAVE_FCNTL_H 1
| #define HAVE_NETDB_H 1
| #define HAVE_STDLIB_H 1
| #define HAVE_STRING_H 1
| #define HAVE_SYS_SOCKET_H 1
| #define HAVE_SYSLOG_H 1
| #define HAVE_UNISTD_H 1
| #define HAVE__BOOL 1
| /* end confdefs.h.  */
| #include <stdio.h>
| #ifdef HAVE_SYS_TYPES_H
| # include <sys/types.h>
| #endif
| #ifdef HAVE_SYS_STAT_H
| # include <sys/stat.h>
| #endif
| #ifdef STDC_HEADERS
| # include <stdlib.h>
| # include <stddef.h>
| #else
| # ifdef HAVE_STDLIB_H
| #  include <stdlib.h>
| # endif
| #endif
| #ifdef HAVE_STRING_H
| # if !defined STDC_HEADERS && defined HAVE_MEMORY_H
| #  include <memory.h>
| # endif
| # include <string.h>
| #endif
| #ifdef HAVE_STRINGS_H
| # include <strings.h>
| #endif
| #ifdef HAVE_INTTYPES_H
| # include <inttypes.h>
| #endif
| #ifdef HAVE_STDINT_H
| # include <stdint.h>
| #endif
| #ifdef HAVE_UNISTD_H
| # include <unistd.h>
| #endif
| #include <vfork.h>
configure:4978: result: no
configure:4978: checking vfork.h presence
configure:4978: gcc -E  conftest.c
conftest.c:38:10: fatal error: 'vfork.h' file not found
#include <vfork.h>
         ^~~~~~~~~
1 error generated.
configure:4978: $? = 1
configure: failed program was:
| /* confdefs.h */
| #define PACKAGE_NAME "lxmlib"
| #define PACKAGE_TARNAME "lxmlib"
| #define PACKAGE_VERSION "0.1"
| #define PACKAGE_STRING "lxmlib 0.1"
| #define PACKAGE_BUGREPORT ""
| #define PACKAGE_URL ""
| #define PACKAGE "lxmlib"
| #define VERSION "0.1"
| #define HAVE_FTRUNCATE 1
| #define HAVE_GETTIMEOFDAY 1
| #define HAVE_MEMSET 1
| #define HAVE_MKDIR 1
| #define HAVE_POW 1
| #define HAVE_SELECT 1
| #define HAVE_SOCKET 1
| #define HAVE_SQRT 1
| #define HAVE_STRERROR 1
| #define STDC_HEADERS 1
| #define HAVE_SYS_TYPES_H 1
| #define HAVE_SYS_STAT_H 1
| #define HAVE_STDLIB_H 1
| #define HAVE_STRING_H 1
| #define HAVE_MEMORY_H 1
| #define HAVE_STRINGS_H 1
| #define HAVE_INTTYPES_H 1
| #define HAVE_STDINT_H 1
| #define HAVE_UNISTD_H 1
| #define HAVE_FCNTL_H 1
| #define HAVE_NETDB_H 1
| #define HAVE_STDLIB_H 1
| #define HAVE_STRING_H 1
| #define HAVE_SYS_SOCKET_H 1
| #define HAVE_SYSLOG_H 1
| #define HAVE_UNISTD_H 1
| #define HAVE__BOOL 1
| /* end confdefs.h.  */
| #include <vfork.h>
configure:4978: result: no
configure:4978: checking for vfork.h
configure:4978: result: no
configure:4991: checking for fork
configure:4991: gcc -o conftest -g -O2   conftest.c  >&5
configure:4991: $? = 0
configure:4991: result: yes
configure:4991: checking for vfork
configure:4991: gcc -o conftest -g -O2   conftest.c  >&5
conftest.c:62:6: warning: incompatible redeclaration of library function 'vfork' [-Wincompatible-library-redeclaration]
char vfork ();
     ^
conftest.c:62:6: note: 'vfork' is a builtin with type 'int (void)'
1 warning generated.
configure:4991: $? = 0
configure:4991: result: yes
configure:5001: checking for working fork
configure:5023: gcc -o conftest -g -O2   conftest.c  >&5
configure:5023: $? = 0
configure:5023: ./conftest
configure:5023: $? = 0
configure:5033: result: yes
configure:5054: checking for working vfork
configure:5164: result: yes
configure:5191: checking for stdlib.h
configure:5191: result: yes
configure:5201: checking for GNU libc compatible malloc
configure:5225: gcc -o conftest -g -O2   conftest.c  >&5
configure:5225: $? = 0
configure:5225: ./conftest
configure:5225: $? = 0
configure:5235: result: yes
configure:5256: checking for off_t
configure:5256: gcc -c -g -O2  conftest.c >&5
configure:5256: $? = 0
configure:5256: gcc -c -g -O2  conftest.c >&5
conftest.c:80:20: error: expected expression
if (sizeof ((off_t)))
                   ^
1 error generated.
configure:5256: $? = 1
configure: failed program was:
| /* confdefs.h */
| #define PACKAGE_NAME "lxmlib"
| #define PACKAGE_TARNAME "lxmlib"
| #define PACKAGE_VERSION "0.1"
| #define PACKAGE_STRING "lxmlib 0.1"
| #define PACKAGE_BUGREPORT ""
| #define PACKAGE_URL ""
| #define PACKAGE "lxmlib"
| #define VERSION "0.1"
| #define HAVE_FTRUNCATE 1
| #define HAVE_GETTIMEOFDAY 1
| #define HAVE_MEMSET 1
| #define HAVE_MKDIR 1
| #define HAVE_POW 1
| #define HAVE_SELECT 1
| #define HAVE_SOCKET 1
| #define HAVE_SQRT 1
| #define HAVE_STRERROR 1
| #define STDC_HEADERS 1
| #define HAVE_SYS_TYPES_H 1
| #define HAVE_SYS_STAT_H 1
| #define HAVE_STDLIB_H 1
| #define HAVE_STRING_H 1
| #define HAVE_MEMORY_H 1
| #define HAVE_STRINGS_H 1
| #define HAVE_INTTYPES_H 1
| #define HAVE_STDINT_H 1
| #define HAVE_UNISTD_H 1
| #define HAVE_FCNTL_H 1
| #define HAVE_NETDB_H 1
| #define HAVE_STDLIB_H 1
| #define HAVE_STRING_H 1
| #define HAVE_SYS_SOCKET_H 1
| #define HAVE_SYSLOG_H 1
| #define HAVE_UNISTD_H 1
| #define HAVE__BOOL 1
| #define HAVE_FORK 1
| #define HAVE_VFORK 1
| #define HAVE_WORKING_VFORK 1
| #define HAVE_WORKING_FORK 1
| #define HAVE_STDLIB_H 1
| #define HAVE_MALLOC 1
| /* end confdefs.h.  */
| #include <stdio.h>
| #ifdef HAVE_SYS_TYPES_H
| # include <sys/types.h>
| #endif
| #ifdef HAVE_SYS_STAT_H
| # include <sys/stat.h>
| #endif
| #ifdef STDC_HEADERS
| # include <stdlib.h>
| # include <stddef.h>
| #else
| # ifdef HAVE_STDLIB_H
| #  include <stdlib.h>
| # endif
| #endif
| #ifdef HAVE_STRING_H
| # if !defined STDC_HEADERS && defined HAVE_MEMORY_H
| #  include <memory.h>
| # endif
| # include <string.h>
| #endif
| #ifdef HAVE_STRINGS_H
| # include <strings.h>
| #endif
| #ifdef HAVE_INTTYPES_H
| # include <inttypes.h>
| #endif
| #ifdef HAVE_STDINT_H
| # include <stdint.h>
| #endif
| #ifdef HAVE_UNISTD_H
| # include <unistd.h>
| #endif
| int
| main ()
| {
| if (sizeof ((off_t)))
| 	    return 0;
|   ;
|   return 0;
| }
configure:5256: result: yes
configure:5267: checking for pid_t
configure:5267: result: yes
configure:5278: checking for size_t
configure:5278: gcc -c -g -O2  conftest.c >&5
configure:5278: $? = 0
configure:5278: gcc -c -g -O2  conftest.c >&5
conftest.c:80:21: error: expected expression
if (sizeof ((size_t)))
                    ^
1 error generated.
configure:5278: $? = 1
configure: failed program was:
| /* confdefs.h */
| #define PACKAGE_NAME "lxmlib"
| #define PACKAGE_TARNAME "lxmlib"
| #define PACKAGE_VERSION "0.1"
| #define PACKAGE_STRING "lxmlib 0.1"
| #define PACKAGE_BUGREPORT ""
| #define PACKAGE_URL ""
| #define PACKAGE "lxmlib"
| #define VERSION "0.1"
| #define HAVE_FTRUNCATE 1
| #define HAVE_GETTIMEOFDAY 1
| #define HAVE_MEMSET 1
| #define HAVE_MKDIR 1
| #define HAVE_POW 1
| #define HAVE_SELECT 1
| #define HAVE_SOCKET 1
| #define HAVE_SQRT 1
| #define HAVE_STRERROR 1
| #define STDC_HEADERS 1
| #define HAVE_SYS_TYPES_H 1
| #define HAVE_SYS_STAT_H 1
| #define HAVE_STDLIB_H 1
| #define HAVE_STRING_H 1
| #define HAVE_MEMORY_H 1
| #define HAVE_STRINGS_H 1
| #define HAVE_INTTYPES_H 1
| #define HAVE_STDINT_H 1
| #define HAVE_UNISTD_H 1
| #define HAVE_FCNTL_H 1
| #define HAVE_NETDB_H 1
| #define HAVE_STDLIB_H 1
| #define HAVE_STRING_H 1
| #define HAVE_SYS_SOCKET_H 1
| #define HAVE_SYSLOG_H 1
| #define HAVE_UNISTD_H 1
| #define HAVE__BOOL 1
| #define HAVE_FORK 1
| #define HAVE_VFORK 1
| #define HAVE_WORKING_VFORK 1
| #define HAVE_WORKING_FORK 1
| #define HAVE_STDLIB_H 1
| #define HAVE_MALLOC 1
| /* end confdefs.h.  */
| #include <stdio.h>
| #ifdef HAVE_SYS_TYPES_H
| # include <sys/types.h>
| #endif
| #ifdef HAVE_SYS_STAT_H
| # include <sys/stat.h>
| #endif
| #ifdef STDC_HEADERS
| # include <stdlib.h>
| # include <stddef.h>
| #else
| # ifdef HAVE_STDLIB_H
| #  include <stdlib.h>
| # endif
| #endif
| #ifdef HAVE_STRING_H
| # if !defined STDC_HEADERS && defined HAVE_MEMORY_H
| #  include <memory.h>
| # endif
| # include <string.h>
| #endif
| #ifdef HAVE_STRINGS_H
| # include <strings.h>
| #endif
| #ifdef HAVE_INTTYPES_H
| # include <inttypes.h>
| #endif
| #ifdef HAVE_STDINT_H
| # include <stdint.h>
| #endif
| #ifdef HAVE_UNISTD_H
| # include <unistd.h>
| #endif
| int
| main ()
| {
| if (sizeof ((size_t)))
| 	    return 0;
|   ;
|   return 0;
| }
configure:5278: result: yes
configure:5289: checking for uint16_t
configure:5289: gcc -c -g -O2  conftest.c >&5
configure:5289: $? = 0
configure:5289: result: yes
configure:5301: checking for uint32_t
configure:5301: gcc -c -g -O2  conftest.c >&5
configure:5301: $? = 0
configure:5301: result: yes
configure:5463: checking that generated files are newer than configure
configure:5469: result: done
configure:5496: creating ./config.status

## ---------------------- ##
## Running config.status. ##
## ---------------------- ##

This file was extended by lxmlib config.status 0.1, which was
generated by GNU Autoconf 2.69.  Invocation command line was

  CONFIG_FILES    = 
  CONFIG_HEADERS  = 
  CONFIG_LINKS    = 
  CONFIG_COMMANDS = 
  $ ./config.status 

on modest

config.status:798: creating Makefile
config.status:798: creating src/Makefile
config.status:955: executing depfiles commands

## ---------------- ##
## Cache variables. ##
## ---------------- ##

ac_cv_build=x86_64-apple-darwin17.2.0
ac_cv_c_compiler_gnu=yes
ac_cv_c_uint16_t=yes
ac_cv_c_uint32_t=yes
ac_cv_cxx_compiler_gnu=yes
ac_cv_env_CCC_set=
ac_cv_env_CCC_value=
ac_cv_env_CC_set=
ac_cv_env_CC_value=
ac_cv_env_CFLAGS_set=
ac_cv_env_CFLAGS_value=
ac_cv_env_CPPFLAGS_set=
ac_cv_env_CPPFLAGS_value=
ac_cv_env_CPP_set=
ac_cv_env_CPP_value=
ac_cv_env_CXXFLAGS_set=
ac_cv_env_CXXFLAGS_value=
ac_cv_env_CXX_set=
ac_cv_env_CXX_value=
ac_cv_env_LDFLAGS_set=
ac_cv_env_LDFLAGS_value=
ac_cv_env_LIBS_set=
ac_cv_env_LIBS_value=
ac_cv_env_build_alias_set=
ac_cv_env_build_alias_value=
ac_cv_env_host_alias_set=
ac_cv_env_host_alias_value=
ac_cv_env_target_alias_set=
ac_cv_env_target_alias_value=
ac_cv_func_fork=yes
ac_cv_func_fork_works=yes
ac_cv_func_ftruncate=yes
ac_cv_func_gettimeofday=yes
ac_cv_func_malloc_0_nonnull=yes
ac_cv_func_memset=yes
ac_cv_func_mkdir=yes
ac_cv_func_pow=yes
ac_cv_func_select=yes
ac_cv_func_socket=yes
ac_cv_func_sqrt=yes
ac_cv_func_strerror=yes
ac_cv_func_vfork=yes
ac_cv_func_vfork_works=yes
ac_cv_header_fcntl_h=yes
ac_cv_header_inttypes_h=yes
ac_cv_header_memory_h=yes
ac_cv_header_netdb_h=yes
ac_cv_header_stdbool_h=yes
ac_cv_header_stdc=yes
ac_cv_header_stdint_h=yes
ac_cv_header_stdlib_h=yes
ac_cv_header_string_h=yes
ac_cv_header_strings_h=yes
ac_cv_header_sys_socket_h=yes
ac_cv_header_sys_stat_h=yes
ac_cv_header_sys_types_h=yes
ac_cv_header_syslog_h=yes
ac_cv_header_unistd_h=yes
ac_cv_header_vfork_h=no
ac_cv_host=x86_64-apple-darwin17.2.0
ac_cv_objext=o
ac_cv_path_EGREP='/usr/bin/grep -E'
ac_cv_path_GREP=/usr/bin/grep
ac_cv_path_install='/usr/bin/install -c'
ac_cv_prog_AWK=awk
ac_cv_prog_CPP='gcc -E'
ac_cv_prog_ac_ct_CC=gcc
ac_cv_prog_ac_ct_CXX=g++
ac_cv_prog_cc_c89=
ac_cv_prog_cc_g=yes
ac_cv_prog_cxx_g=yes
ac_cv_prog_make_make_set=yes
ac_cv_target=x86_64-apple-darwin17.2.0
ac_cv_type__Bool=yes
ac_cv_type_off_t=yes
ac_cv_type_pid_t=yes
ac_cv_type_size_t=yes
am_cv_CC_dependencies_compiler_type=gcc3
am_cv_CXX_dependencies_compiler_type=gcc3
am_cv_make_support_nested_variables=yes
am_cv_prog_cc_c_o=yes

## ----------------- ##
## Output variables. ##
## ----------------- ##

ACLOCAL='${SHELL} /Users/lxm/Workspace/lxmlib/missing aclocal-1.15'
AMDEPBACKSLASH='\'
AMDEP_FALSE='#'
AMDEP_TRUE=''
AMTAR='$${TAR-tar}'
AM_BACKSLASH='\'
AM_DEFAULT_V='$(AM_DEFAULT_VERBOSITY)'
AM_DEFAULT_VERBOSITY='1'
AM_V='$(V)'
AUTOCONF='${SHELL} /Users/lxm/Workspace/lxmlib/missing autoconf'
AUTOHEADER='${SHELL} /Users/lxm/Workspace/lxmlib/missing autoheader'
AUTOMAKE='${SHELL} /Users/lxm/Workspace/lxmlib/missing automake-1.15'
AWK='awk'
CC='gcc'
CCDEPMODE='depmode=gcc3'
CFLAGS='-g -O2'
CPP='gcc -E'
CPPFLAGS=''
CXX='g++'
CXXDEPMODE='depmode=gcc3'
CXXFLAGS='-g -O2'
CYGPATH_W='echo'
DEFS='-DPACKAGE_NAME=\"lxmlib\" -DPACKAGE_TARNAME=\"lxmlib\" -DPACKAGE_VERSION=\"0.1\" -DPACKAGE_STRING=\"lxmlib\ 0.1\" -DPACKAGE_BUGREPORT=\"\" -DPACKAGE_URL=\"\" -DPACKAGE=\"lxmlib\" -DVERSION=\"0.1\" -DHAVE_FTRUNCATE=1 -DHAVE_GETTIMEOFDAY=1 -DHAVE_MEMSET=1 -DHAVE_MKDIR=1 -DHAVE_POW=1 -DHAVE_SELECT=1 -DHAVE_SOCKET=1 -DHAVE_SQRT=1 -DHAVE_STRERROR=1 -DSTDC_HEADERS=1 -DHAVE_SYS_TYPES_H=1 -DHAVE_SYS_STAT_H=1 -DHAVE_STDLIB_H=1 -DHAVE_STRING_H=1 -DHAVE_MEMORY_H=1 -DHAVE_STRINGS_H=1 -DHAVE_INTTYPES_H=1 -DHAVE_STDINT_H=1 -DHAVE_UNISTD_H=1 -DHAVE_FCNTL_H=1 -DHAVE_NETDB_H=1 -DHAVE_STDLIB_H=1 -DHAVE_STRING_H=1 -DHAVE_SYS_SOCKET_H=1 -DHAVE_SYSLOG_H=1 -DHAVE_UNISTD_H=1 -DHAVE__BOOL=1 -DHAVE_FORK=1 -DHAVE_VFORK=1 -DHAVE_WORKING_VFORK=1 -DHAVE_WORKING_FORK=1 -DHAVE_STDLIB_H=1 -DHAVE_MALLOC=1'
DEPDIR='.deps'
ECHO_C='\c'
ECHO_N=''
ECHO_T=''
EGREP='/usr/bin/grep -E'
EXEEXT=''
GREP='/usr/bin/grep'
INSTALL_DATA='${INSTALL} -m 644'
INSTALL_PROGRAM='${INSTALL}'
INSTALL_SCRIPT='${INSTALL}'
INSTALL_STRIP_PROGRAM='$(install_sh) -c -s'
LDFLAGS=''
LIBOBJS=''
LIBS=''
LTLIBOBJS=''
MAKEINFO='${SHELL} /Users/lxm/Workspace/lxmlib/missing makeinfo'
MKDIR_P='../install-sh -c -d'
OBJEXT='o'
PACKAGE='lxmlib'
PACKAGE_BUGREPORT=''
PACKAGE_NAME='lxmlib'
PACKAGE_STRING='lxmlib 0.1'
PACKAGE_TARNAME='lxmlib'
PACKAGE_URL=''
PACKAGE_VERSION='0.1'
PATH_SEPARATOR=':'
SET_MAKE=''
SHELL='/bin/sh'
STRIP=''
VERSION='0.1'
ac_ct_CC='gcc'
ac_ct_CXX='g++'
am__EXEEXT_FALSE=''
am__EXEEXT_TRUE='#'
am__fastdepCC_FALSE='#'
am__fastdepCC_TRUE=''
am__fastdepCXX_FALSE='#'
am__fastdepCXX_TRUE=''
am__include='include'
am__isrc=' -I$(srcdir)'
am__leading_dot='.'
am__nodep='_no'
am__quote=''
am__tar='$${TAR-tar} chof - "$$tardir"'
am__untar='$${TAR-tar} xf -'
bindir='${exec_prefix}/bin'
build='x86_64-apple-darwin17.2.0'
build_alias=''
build_cpu='x86_64'
build_os='darwin17.2.0'
build_vendor='apple'
datadir='${datarootdir}'
datarootdir='${prefix}/share'
docdir='${datarootdir}/doc/${PACKAGE_TARNAME}'
dvidir='${docdir}'
exec_prefix='${prefix}'
host='x86_64-apple-darwin17.2.0'
host_alias=''
host_cpu='x86_64'
host_os='darwin17.2.0'
host_vendor='apple'
htmldir='${docdir}'
includedir='${prefix}/include'
infodir='${datarootdir}/info'
install_sh='${SHELL} /Users/lxm/Workspace/lxmlib/install-sh'
libdir='${exec_prefix}/lib'
libexecdir='${exec_prefix}/libexec'
localedir='${datarootdir}/locale'
localstatedir='${prefix}/var'
mandir='${datarootdir}/man'
mkdir_p='$(MKDIR_P)'
oldincludedir='/usr/include'
pdfdir='${docdir}'
prefix='/usr/local'
program_transform_name='s,x,x,'
psdir='${docdir}'
sbindir='${exec_prefix}/sbin'
sharedstatedir='${prefix}/com'
sysconfdir='${prefix}/etc'
target='x86_64-apple-darwin17.2.0'
target_alias=''
target_cpu='x86_64'
target_os='darwin17.2.0'
target_vendor='apple'

## ----------- ##
## confdefs.h. ##
## ----------- ##

/* confdefs.h */
#define PACKAGE_NAME "lxmlib"
#define PACKAGE_TARNAME "lxmlib"
#define PACKAGE_VERSION "0.1"
#define PACKAGE_STRING "lxmlib 0.1"
#define PACKAGE_BUGREPORT ""
#define PACKAGE_URL ""
#define PACKAGE "lxmlib"
#define VERSION "0.1"
#define HAVE_FTRUNCATE 1
#define HAVE_GETTIMEOFDAY 1
#define HAVE_MEMSET 1
#define HAVE_MKDIR 1
#define HAVE_POW 1
#define HAVE_SELECT 1
#define HAVE_SOCKET 1
#define HAVE_SQRT 1
#define HAVE_STRERROR 1
#define STDC_HEADERS 1
#define HAVE_SYS_TYPES_H 1
#define HAVE_SYS_STAT_H 1
#define HAVE_STDLIB_H 1
#define HAVE_STRING_H 1
#define HAVE_MEMORY_H 1
#define HAVE_STRINGS_H 1
#define HAVE_INTTYPES_H 1
#define HAVE_STDINT_H 1
#define HAVE_UNISTD_H 1
#define HAVE_FCNTL_H 1
#define HAVE_NETDB_H 1
#define HAVE_STDLIB_H 1
#define HAVE_STRING_H 1
#define HAVE_SYS_SOCKET_H 1
#define HAVE_SYSLOG_H 1
#define HAVE_UNISTD_H 1
#define HAVE__BOOL 1
#define HAVE_FORK 1
#define HAVE_VFORK 1
#define HAVE_WORKING_VFORK 1
#define HAVE_WORKING_FORK 1
#define HAVE_STDLIB_H 1
#define HAVE_MALLOC 1

configure: exit 0

## ---------------------- ##
## Running config.status. ##
## ---------------------- ##

This file was extended by lxmlib config.status 0.1, which was
generated by GNU Autoconf 2.69.  Invocation command line was

  CONFIG_FILES    = 
  CONFIG_HEADERS  = 
  CONFIG_LINKS    = 
  CONFIG_COMMANDS = 
  $ ./config.status src/Makefile depfiles

on modest

config.status:798: creating src/Makefile
config.status:955: executing depfiles commands
